<?xml version="1.0" encoding="UTF-8"?>
<testsuites name="Checkout" time="186.034" tests="3" failures="2" errors="0">
   <testsuite name="Checkout" tests="3" failures="2" errors="0" time="186.034" skipped="0" timestamp="2022-01-17 13:08:04" hostname="waleedafifi - localhost" id="Test Suites/Checkout">
      <properties>
         <property name="deviceName" value=""/>
         <property name="devicePlatform" value=""/>
         <property name="logFolder" value="/Users/waleedafifi/Desktop/development/fixProj/cleanersupply/Reports/20220117_125503/Checkout/20220117_125512"/>
         <property name="logFiles" value="/Users/waleedafifi/Desktop/development/fixProj/cleanersupply/Reports/20220117_125503/Checkout/20220117_125512/execution0.log"/>
         <property name="attachments" value="/Users/waleedafifi/Desktop/development/fixProj/cleanersupply/Reports/20220117_125503/Checkout/20220117_125512/1642417759796.png"/>
         <property name="hostName" value="waleedafifi - localhost"/>
         <property name="os" value="Mac OS X 64bit"/>
         <property name="katalonVersion" value="8.2.0.208"/>
         <property name="browser" value="Firefox 95.0"/>
         <property name="hostAddress" value="127.0.0.1"/>
         <property name="sessionId" value="9628bd47-221d-49c4-9908-04bbb8c819f8"/>
         <property name="seleniumVersion" value="3.141.59"/>
         <property name="proxyInformation" value="ProxyInformation { proxyOption=NO_PROXY, proxyServerType=HTTP, username=, password=********, proxyServerAddress=, proxyServerPort=0, executionList=&quot;&quot;, isApplyToDesiredCapabilities=true }"/>
         <property name="platform" value="Mac OS X"/>
      </properties>
      <testcase name="Test Cases/Checkout Scenario/Product Details" time="75.296" classname="Test Cases/Checkout Scenario/Product Details" status="FAILED">
         <failure type="FAILED" message="Test Cases/Checkout Scenario/Product Details FAILED.
Reason:
com.kms.katalon.core.exception.StepFailedException: Unable to move mouse over object 'Object Repository/Product details/h2_descHeader'
	at com.kms.katalon.core.webui.keyword.internal.WebUIKeywordMain.stepFailed(WebUIKeywordMain.groovy:64)
	at com.kms.katalon.core.webui.keyword.internal.WebUIKeywordMain.runKeyword(WebUIKeywordMain.groovy:26)
	at com.kms.katalon.core.webui.keyword.builtin.MouseOverKeyword.mouseOver(MouseOverKeyword.groovy:66)
	at com.kms.katalon.core.webui.keyword.builtin.MouseOverKeyword.execute(MouseOverKeyword.groovy:40)
	at com.kms.katalon.core.keyword.internal.KeywordExecutor.executeKeywordForPlatform(KeywordExecutor.groovy:74)
	at com.kms.katalon.core.webui.keyword.WebUiBuiltInKeywords.mouseOver(WebUiBuiltInKeywords.groovy:806)
	at com.kms.katalon.core.webui.keyword.WebUiBuiltInKeywords$mouseOver$16.call(Unknown Source)
	at helpers.ProductDetailsHelpers.hoverEffectAndClickLargeSizeLink(ProductDetailsHelpers.groovy:85)
	at helpers.ProductDetailsHelpers$hoverEffectAndClickLargeSizeLink$3.call(Unknown Source)
	at Product Details.run(Product Details:51)
	at com.kms.katalon.core.main.ScriptEngine.run(ScriptEngine.java:194)
	at com.kms.katalon.core.main.ScriptEngine.runScriptAsRawText(ScriptEngine.java:119)
	at com.kms.katalon.core.main.TestCaseExecutor.runScript(TestCaseExecutor.java:442)
	at com.kms.katalon.core.main.TestCaseExecutor.doExecute(TestCaseExecutor.java:433)
	at com.kms.katalon.core.main.TestCaseExecutor.processExecutionPhase(TestCaseExecutor.java:412)
	at com.kms.katalon.core.main.TestCaseExecutor.accessMainPhase(TestCaseExecutor.java:404)
	at com.kms.katalon.core.main.TestCaseExecutor.execute(TestCaseExecutor.java:281)
	at com.kms.katalon.core.main.TestSuiteExecutor.accessTestCaseMainPhase(TestSuiteExecutor.java:202)
	at com.kms.katalon.core.main.TestSuiteExecutor.accessTestSuiteMainPhase(TestSuiteExecutor.java:164)
	at com.kms.katalon.core.main.TestSuiteExecutor.execute(TestSuiteExecutor.java:105)
	at com.kms.katalon.core.main.TestCaseMain.startTestSuite(TestCaseMain.java:181)
	at com.kms.katalon.core.main.TestCaseMain$startTestSuite$0.call(Unknown Source)
	at TempTestSuite1642416912407.run(TempTestSuite1642416912407.groovy:36)
Caused by: org.openqa.selenium.interactions.MoveTargetOutOfBoundsException: (324, 850) is out of bounds of viewport width (1440) and height (730)
Build info: version: '3.141.59', revision: 'e82be7d358', time: '2018-11-14T08:25:53'
System info: host: 'Waleeds-MacBook-Pro.local', ip: 'fe80:0:0:0:1c5b:3086:5fdd:953c%en0', os.name: 'Mac OS X', os.arch: 'x86_64', os.version: '10.16', java.version: '1.8.0_275'
Driver info: com.kms.katalon.core.webui.driver.firefox.CGeckoDriver
Capabilities {acceptInsecureCerts: true, browserName: firefox, browserVersion: 95.0, javascriptEnabled: true, moz:accessibilityChecks: false, moz:buildID: 20211129150630, moz:geckodriverVersion: 0.30.0, moz:headless: false, moz:processID: 11198, moz:profile: /var/folders/d1/nclsdd393_x..., moz:shutdownTimeout: 60000, moz:useNonSpecCompliantPointerOrigin: false, moz:webdriverClick: true, pageLoadStrategy: normal, platform: MAC, platformName: MAC, platformVersion: 21.2.0, proxy: Proxy(direct), setWindowRect: true, strictFileInteractability: false, timeouts: {implicit: 0, pageLoad: 300000, script: 30000}, unhandledPromptBehavior: dismiss and notify}
Session ID: dfab2145-061f-4edb-985c-1d9528419fee
	at org.openqa.selenium.remote.http.W3CHttpResponseCodec.createException(W3CHttpResponseCodec.java:187)
	at org.openqa.selenium.remote.http.W3CHttpResponseCodec.decode(W3CHttpResponseCodec.java:122)
	at org.openqa.selenium.remote.http.W3CHttpResponseCodec.decode(W3CHttpResponseCodec.java:49)
	at org.openqa.selenium.remote.HttpCommandExecutor.execute(HttpCommandExecutor.java:158)
	at org.openqa.selenium.remote.service.DriverCommandExecutor.execute(DriverCommandExecutor.java:83)
	at org.openqa.selenium.remote.RemoteWebDriver.execute(RemoteWebDriver.java:552)
	at com.kms.katalon.selenium.driver.CFirefoxDriver.execute(CFirefoxDriver.java:27)
	at org.openqa.selenium.remote.RemoteWebDriver.perform(RemoteWebDriver.java:618)
	at org.openqa.selenium.support.events.EventFiringWebDriver.lambda$new$1(EventFiringWebDriver.java:105)
	at com.sun.proxy.$Proxy10.perform(Unknown Source)
	at org.openqa.selenium.support.events.EventFiringWebDriver.perform(EventFiringWebDriver.java:360)
	at org.openqa.selenium.interactions.Actions$BuiltAction.perform(Actions.java:639)
	at org.openqa.selenium.interactions.Actions.perform(Actions.java:595)
	at com.kms.katalon.core.webui.keyword.builtin.MouseOverKeyword$_mouseOver_closure1.doCall(MouseOverKeyword.groovy:59)
	at com.kms.katalon.core.webui.keyword.builtin.MouseOverKeyword$_mouseOver_closure1.call(MouseOverKeyword.groovy)
	at com.kms.katalon.core.webui.keyword.internal.WebUIKeywordMain.runKeyword(WebUIKeywordMain.groovy:20)
	... 21 more
"/>
         <system-out><![CDATA[2022-01-17 13:08:05 - [TEST_CASE][FAILED] - Test Cases/Checkout Scenario/Product Details: Test Cases/Checkout Scenario/Product Details FAILED.
Reason:
com.kms.katalon.core.exception.StepFailedException: Unable to move mouse over object 'Object Repository/Product details/h2_descHeader'
	at com.kms.katalon.core.webui.keyword.internal.WebUIKeywordMain.stepFailed(WebUIKeywordMain.groovy:64)
	at com.kms.katalon.core.webui.keyword.internal.WebUIKeywordMain.runKeyword(WebUIKeywordMain.groovy:26)
	at com.kms.katalon.core.webui.keyword.builtin.MouseOverKeyword.mouseOver(MouseOverKeyword.groovy:66)
	at com.kms.katalon.core.webui.keyword.builtin.MouseOverKeyword.execute(MouseOverKeyword.groovy:40)
	at com.kms.katalon.core.keyword.internal.KeywordExecutor.executeKeywordForPlatform(KeywordExecutor.groovy:74)
	at com.kms.katalon.core.webui.keyword.WebUiBuiltInKeywords.mouseOver(WebUiBuiltInKeywords.groovy:806)
	at com.kms.katalon.core.webui.keyword.WebUiBuiltInKeywords$mouseOver$16.call(Unknown Source)
	at helpers.ProductDetailsHelpers.hoverEffectAndClickLargeSizeLink(ProductDetailsHelpers.groovy:85)
	at helpers.ProductDetailsHelpers$hoverEffectAndClickLargeSizeLink$3.call(Unknown Source)
	at Product Details.run(Product Details:51)
	at com.kms.katalon.core.main.ScriptEngine.run(ScriptEngine.java:194)
	at com.kms.katalon.core.main.ScriptEngine.runScriptAsRawText(ScriptEngine.java:119)
	at com.kms.katalon.core.main.TestCaseExecutor.runScript(TestCaseExecutor.java:442)
	at com.kms.katalon.core.main.TestCaseExecutor.doExecute(TestCaseExecutor.java:433)
	at com.kms.katalon.core.main.TestCaseExecutor.processExecutionPhase(TestCaseExecutor.java:412)
	at com.kms.katalon.core.main.TestCaseExecutor.accessMainPhase(TestCaseExecutor.java:404)
	at com.kms.katalon.core.main.TestCaseExecutor.execute(TestCaseExecutor.java:281)
	at com.kms.katalon.core.main.TestSuiteExecutor.accessTestCaseMainPhase(TestSuiteExecutor.java:202)
	at com.kms.katalon.core.main.TestSuiteExecutor.accessTestSuiteMainPhase(TestSuiteExecutor.java:164)
	at com.kms.katalon.core.main.TestSuiteExecutor.execute(TestSuiteExecutor.java:105)
	at com.kms.katalon.core.main.TestCaseMain.startTestSuite(TestCaseMain.java:181)
	at com.kms.katalon.core.main.TestCaseMain$startTestSuite$0.call(Unknown Source)
	at TempTestSuite1642416912407.run(TempTestSuite1642416912407.groovy:36)
Caused by: org.openqa.selenium.interactions.MoveTargetOutOfBoundsException: (324, 850) is out of bounds of viewport width (1440) and height (730)
Build info: version: '3.141.59', revision: 'e82be7d358', time: '2018-11-14T08:25:53'
System info: host: 'Waleeds-MacBook-Pro.local', ip: 'fe80:0:0:0:1c5b:3086:5fdd:953c%en0', os.name: 'Mac OS X', os.arch: 'x86_64', os.version: '10.16', java.version: '1.8.0_275'
Driver info: com.kms.katalon.core.webui.driver.firefox.CGeckoDriver
Capabilities {acceptInsecureCerts: true, browserName: firefox, browserVersion: 95.0, javascriptEnabled: true, moz:accessibilityChecks: false, moz:buildID: 20211129150630, moz:geckodriverVersion: 0.30.0, moz:headless: false, moz:processID: 11198, moz:profile: /var/folders/d1/nclsdd393_x..., moz:shutdownTimeout: 60000, moz:useNonSpecCompliantPointerOrigin: false, moz:webdriverClick: true, pageLoadStrategy: normal, platform: MAC, platformName: MAC, platformVersion: 21.2.0, proxy: Proxy(direct), setWindowRect: true, strictFileInteractability: false, timeouts: {implicit: 0, pageLoad: 300000, script: 30000}, unhandledPromptBehavior: dismiss and notify}
Session ID: dfab2145-061f-4edb-985c-1d9528419fee
	at org.openqa.selenium.remote.http.W3CHttpResponseCodec.createException(W3CHttpResponseCodec.java:187)
	at org.openqa.selenium.remote.http.W3CHttpResponseCodec.decode(W3CHttpResponseCodec.java:122)
	at org.openqa.selenium.remote.http.W3CHttpResponseCodec.decode(W3CHttpResponseCodec.java:49)
	at org.openqa.selenium.remote.HttpCommandExecutor.execute(HttpCommandExecutor.java:158)
	at org.openqa.selenium.remote.service.DriverCommandExecutor.execute(DriverCommandExecutor.java:83)
	at org.openqa.selenium.remote.RemoteWebDriver.execute(RemoteWebDriver.java:552)
	at com.kms.katalon.selenium.driver.CFirefoxDriver.execute(CFirefoxDriver.java:27)
	at org.openqa.selenium.remote.RemoteWebDriver.perform(RemoteWebDriver.java:618)
	at org.openqa.selenium.support.events.EventFiringWebDriver.lambda$new$1(EventFiringWebDriver.java:105)
	at com.sun.proxy.$Proxy10.perform(Unknown Source)
	at org.openqa.selenium.support.events.EventFiringWebDriver.perform(EventFiringWebDriver.java:360)
	at org.openqa.selenium.interactions.Actions$BuiltAction.perform(Actions.java:639)
	at org.openqa.selenium.interactions.Actions.perform(Actions.java:595)
	at com.kms.katalon.core.webui.keyword.builtin.MouseOverKeyword$_mouseOver_closure1.doCall(MouseOverKeyword.groovy:59)
	at com.kms.katalon.core.webui.keyword.builtin.MouseOverKeyword$_mouseOver_closure1.call(MouseOverKeyword.groovy)
	at com.kms.katalon.core.webui.keyword.internal.WebUIKeywordMain.runKeyword(WebUIKeywordMain.groovy:20)
	... 21 more


2022-01-17 13:08:05 - [TEST_STEP][PASSED] - GeneralHelpers.initScenario(): Current window's url is: 'https://www.cleanersupply.com/'

2022-01-17 13:08:05 - [MESSAGE][INFO] - Starting 'Firefox' driver

2022-01-17 13:08:05 - [MESSAGE][INFO] - Action delay is set to 0 milliseconds

2022-01-17 13:08:10 - [MESSAGE][PASSED] - Browser is opened with url: ''

2022-01-17 13:08:10 - [MESSAGE][PASSED] - Current window maximized

2022-01-17 13:08:18 - [MESSAGE][PASSED] - Navigate to 'https://www.cleanersupply.com/' successfully

2022-01-17 13:08:18 - [MESSAGE][PASSED] - Wait for page load successfully

2022-01-17 13:08:18 - [MESSAGE][PASSED] - Current window's title is: 'Cleaner's Supply - Dry Cleaning Supplies'

2022-01-17 13:08:18 - [MESSAGE][PASSED] - Current window's title is: 'Cleaner's Supply - Dry Cleaning Supplies'

2022-01-17 13:08:18 - [MESSAGE][PASSED] - Current window's url is: 'https://www.cleanersupply.com/'

2022-01-17 13:08:18 - [TEST_STEP][PASSED] - GeneralHelpers.headerSearchFillAndClick(): Object: 'Object Repository/Product details/btn_searchAction' is clicked on

2022-01-17 13:08:22 - [MESSAGE][PASSED] - Text 'Plastic' is set on object 'Object Repository/Product details/input_searchField'

2022-01-17 13:08:22 - [MESSAGE][PASSED] - Attribute 'value' of object 'Object Repository/Product details/input_searchField' is: 'Plastic'

2022-01-17 13:08:23 - [MESSAGE][PASSED] - Object 'Object Repository/Product details/div_searchAutocompleteBox' is visible

2022-01-17 13:08:23 - [MESSAGE][PASSED] - Attribute 'class' of object 'Object Repository/Product details/div_searchAutocompleteBox' is: 'search-autocomplete dropdown-menu open'

2022-01-17 13:08:24 - [MESSAGE][PASSED] - Text of object 'Object Repository/Product details/div_searchHeaderTopBar' is: 'Search for PLASTIC'

2022-01-17 13:08:24 - [MESSAGE][PASSED] - Get CSS 'background-color' value on 'Object Repository/Product details/div_searchHeaderTopBar' successfully: 'rgb(82, 36, 127)'.

2022-01-17 13:08:26 - [MESSAGE][PASSED] - Object: 'Object Repository/Product details/btn_searchAction' is clicked on

2022-01-17 13:08:26 - [TEST_STEP][PASSED] - GeneralHelpers.navigateToResultPage(): Text of object 'Object Repository/Product details/h1_sectionHeading' is: 'SEARCH RESULTS'

2022-01-17 13:08:26 - [MESSAGE][PASSED] - Current window's title is: 'Search Results - Cleaner's Supply'

2022-01-17 13:08:26 - [MESSAGE][PASSED] - Current window's url is: 'https://www.cleanersupply.com/search-results/?q=Plastic'

2022-01-17 13:08:29 - [MESSAGE][PASSED] - Text of object 'Object Repository/Product details/h1_sectionHeading' is: 'SEARCH RESULTS'

2022-01-17 13:08:29 - [TEST_STEP][PASSED] - SearchResultPageValidations.verifyDefaultValues(): Attribute 'class' of object '' is: ' '

2022-01-17 13:08:29 - [MESSAGE][PASSED] - Text of object 'Object Repository/Search Result/h2_productListHeading' is: 'RESULTS FOR "PLASTIC" (224)'

2022-01-17 13:08:30 - [MESSAGE][PASSED] - Text of object 'Object Repository/Search Result/h2_productListHeading' is: 'RESULTS FOR "PLASTIC" (224)'

2022-01-17 13:08:30 - [MESSAGE][PASSED] - Text of object 'Object Repository/Search Result/span_filterOption' is: 'Featured'

2022-01-17 13:08:30 - [MESSAGE][PASSED] - Web element with id: 'Object Repository/Search Result/ul_selectedFilters' located by 'By.cssSelector: ul.selected-filters' is not present after '5' second(s)

2022-01-17 13:08:31 - [MESSAGE][PASSED] - Attribute 'class' of object '' is: ' '

2022-01-17 13:08:31 - [MESSAGE][PASSED] - Attribute 'class' of object '' is: ' '

2022-01-17 13:08:31 - [MESSAGE][PASSED] - Attribute 'class' of object '' is: ' '

2022-01-17 13:08:31 - [MESSAGE][PASSED] - Attribute 'class' of object '' is: ' '

2022-01-17 13:08:31 - [MESSAGE][PASSED] - Attribute 'class' of object '' is: ' '

2022-01-17 13:08:31 - [MESSAGE][PASSED] - Attribute 'class' of object '' is: ' '

2022-01-17 13:08:31 - [MESSAGE][PASSED] - Attribute 'class' of object '' is: ' '

2022-01-17 13:08:31 - [MESSAGE][PASSED] - Attribute 'class' of object '' is: ' '

2022-01-17 13:08:31 - [MESSAGE][PASSED] - Attribute 'class' of object '' is: ' '

2022-01-17 13:08:31 - [MESSAGE][PASSED] - Attribute 'class' of object '' is: ' '

2022-01-17 13:08:31 - [MESSAGE][PASSED] - Attribute 'class' of object '' is: ' '

2022-01-17 13:08:31 - [MESSAGE][PASSED] - Attribute 'class' of object '' is: ' '

2022-01-17 13:08:31 - [MESSAGE][PASSED] - Attribute 'class' of object '' is: ' '

2022-01-17 13:08:31 - [MESSAGE][PASSED] - Attribute 'class' of object '' is: ' '

2022-01-17 13:08:31 - [MESSAGE][PASSED] - Attribute 'class' of object '' is: ' '

2022-01-17 13:08:31 - [MESSAGE][PASSED] - Attribute 'class' of object '' is: ' '

2022-01-17 13:08:31 - [MESSAGE][PASSED] - Attribute 'class' of object '' is: ' '

2022-01-17 13:08:31 - [MESSAGE][PASSED] - Attribute 'class' of object '' is: ' '

2022-01-17 13:08:31 - [MESSAGE][PASSED] - Attribute 'class' of object '' is: ' '

2022-01-17 13:08:31 - [MESSAGE][PASSED] - Attribute 'class' of object '' is: ' '

2022-01-17 13:08:31 - [MESSAGE][PASSED] - Attribute 'class' of object '' is: ' '

2022-01-17 13:08:31 - [MESSAGE][PASSED] - Attribute 'class' of object '' is: ' '

2022-01-17 13:08:31 - [MESSAGE][PASSED] - Attribute 'class' of object '' is: ' '

2022-01-17 13:08:31 - [MESSAGE][PASSED] - Attribute 'class' of object '' is: ' '

2022-01-17 13:08:31 - [MESSAGE][PASSED] - Attribute 'class' of object '' is: ' '

2022-01-17 13:08:31 - [MESSAGE][PASSED] - Attribute 'class' of object '' is: ' '

2022-01-17 13:08:31 - [MESSAGE][PASSED] - Attribute 'class' of object '' is: ' '

2022-01-17 13:08:31 - [MESSAGE][PASSED] - Attribute 'class' of object '' is: ' '

2022-01-17 13:08:31 - [MESSAGE][PASSED] - Attribute 'class' of object '' is: ' '

2022-01-17 13:08:31 - [MESSAGE][PASSED] - Attribute 'class' of object '' is: ' '

2022-01-17 13:08:31 - [MESSAGE][PASSED] - Attribute 'class' of object '' is: ' '

2022-01-17 13:08:31 - [MESSAGE][PASSED] - Attribute 'class' of object '' is: ' '

2022-01-17 13:08:31 - [MESSAGE][PASSED] - Attribute 'class' of object '' is: ' '

2022-01-17 13:08:31 - [MESSAGE][PASSED] - Attribute 'class' of object '' is: ' '

2022-01-17 13:08:31 - [MESSAGE][PASSED] - Attribute 'class' of object '' is: ' '

2022-01-17 13:08:31 - [MESSAGE][PASSED] - Attribute 'class' of object '' is: ' '

2022-01-17 13:08:31 - [MESSAGE][PASSED] - Attribute 'class' of object '' is: ' '

2022-01-17 13:08:31 - [MESSAGE][PASSED] - Attribute 'class' of object '' is: ' '

2022-01-17 13:08:31 - [MESSAGE][PASSED] - Attribute 'class' of object '' is: ' '

2022-01-17 13:08:31 - [MESSAGE][PASSED] - Attribute 'class' of object '' is: ' '

2022-01-17 13:08:32 - [MESSAGE][PASSED] - Attribute 'class' of object '' is: ' '

2022-01-17 13:08:32 - [MESSAGE][PASSED] - Attribute 'class' of object '' is: ' '

2022-01-17 13:08:32 - [MESSAGE][PASSED] - Attribute 'class' of object '' is: ' '

2022-01-17 13:08:32 - [MESSAGE][PASSED] - Attribute 'class' of object '' is: ' '

2022-01-17 13:08:32 - [MESSAGE][PASSED] - Attribute 'class' of object '' is: ' '

2022-01-17 13:08:32 - [MESSAGE][PASSED] - Attribute 'class' of object '' is: ' '

2022-01-17 13:08:32 - [MESSAGE][PASSED] - Attribute 'class' of object '' is: ' '

2022-01-17 13:08:32 - [MESSAGE][PASSED] - Attribute 'class' of object '' is: ' '

2022-01-17 13:08:32 - [MESSAGE][PASSED] - Attribute 'class' of object '' is: ' '

2022-01-17 13:08:32 - [MESSAGE][PASSED] - Attribute 'class' of object '' is: ' '

2022-01-17 13:08:32 - [MESSAGE][PASSED] - Attribute 'class' of object '' is: ' '

2022-01-17 13:08:32 - [MESSAGE][PASSED] - Attribute 'class' of object '' is: ' '

2022-01-17 13:08:32 - [MESSAGE][PASSED] - Attribute 'class' of object '' is: ' '

2022-01-17 13:08:32 - [MESSAGE][PASSED] - Attribute 'class' of object '' is: ' '

2022-01-17 13:08:32 - [MESSAGE][PASSED] - Attribute 'class' of object '' is: ' '

2022-01-17 13:08:32 - [MESSAGE][PASSED] - Attribute 'class' of object '' is: ' '

2022-01-17 13:08:32 - [MESSAGE][PASSED] - Attribute 'class' of object '' is: ' '

2022-01-17 13:08:32 - [MESSAGE][PASSED] - Attribute 'class' of object '' is: ' '

2022-01-17 13:08:32 - [MESSAGE][PASSED] - Attribute 'class' of object '' is: ' '

2022-01-17 13:08:32 - [MESSAGE][PASSED] - Attribute 'class' of object '' is: ' '

2022-01-17 13:08:32 - [MESSAGE][PASSED] - Attribute 'class' of object '' is: ' '

2022-01-17 13:08:32 - [MESSAGE][PASSED] - Attribute 'class' of object '' is: ' '

2022-01-17 13:08:32 - [MESSAGE][PASSED] - Attribute 'class' of object '' is: ' '

2022-01-17 13:08:32 - [MESSAGE][PASSED] - Attribute 'class' of object '' is: ' '

2022-01-17 13:08:32 - [MESSAGE][PASSED] - Attribute 'class' of object '' is: ' '

2022-01-17 13:08:32 - [MESSAGE][PASSED] - Attribute 'class' of object '' is: ' '

2022-01-17 13:08:32 - [MESSAGE][PASSED] - Attribute 'class' of object '' is: ' '

2022-01-17 13:08:32 - [MESSAGE][PASSED] - Attribute 'class' of object '' is: ' '

2022-01-17 13:08:32 - [MESSAGE][PASSED] - Attribute 'class' of object '' is: ' '

2022-01-17 13:08:32 - [MESSAGE][PASSED] - Attribute 'class' of object '' is: ' '

2022-01-17 13:08:32 - [MESSAGE][PASSED] - Attribute 'class' of object '' is: ' '

2022-01-17 13:08:32 - [MESSAGE][PASSED] - Attribute 'class' of object '' is: ' '

2022-01-17 13:08:32 - [MESSAGE][PASSED] - Attribute 'class' of object '' is: ' '

2022-01-17 13:08:32 - [MESSAGE][PASSED] - Attribute 'class' of object '' is: ' '

2022-01-17 13:08:32 - [MESSAGE][PASSED] - Attribute 'class' of object '' is: ' '

2022-01-17 13:08:32 - [MESSAGE][PASSED] - Attribute 'class' of object '' is: ' '

2022-01-17 13:08:32 - [MESSAGE][PASSED] - Attribute 'class' of object '' is: ' '

2022-01-17 13:08:32 - [MESSAGE][PASSED] - Attribute 'class' of object '' is: ' '

2022-01-17 13:08:32 - [MESSAGE][PASSED] - Attribute 'class' of object '' is: ' '

2022-01-17 13:08:32 - [MESSAGE][PASSED] - Attribute 'class' of object '' is: ' '

2022-01-17 13:08:32 - [MESSAGE][PASSED] - Attribute 'class' of object '' is: ' '

2022-01-17 13:08:32 - [MESSAGE][PASSED] - Attribute 'class' of object '' is: ' '

2022-01-17 13:08:32 - [MESSAGE][PASSED] - Attribute 'class' of object '' is: ' '

2022-01-17 13:08:32 - [MESSAGE][PASSED] - Attribute 'class' of object '' is: ' '

2022-01-17 13:08:32 - [MESSAGE][PASSED] - Attribute 'class' of object '' is: ' '

2022-01-17 13:08:32 - [MESSAGE][PASSED] - Attribute 'class' of object '' is: ' '

2022-01-17 13:08:32 - [MESSAGE][PASSED] - Attribute 'class' of object '' is: ' '

2022-01-17 13:08:32 - [MESSAGE][PASSED] - Attribute 'class' of object '' is: ' '

2022-01-17 13:08:32 - [MESSAGE][PASSED] - Attribute 'class' of object '' is: ' '

2022-01-17 13:08:32 - [MESSAGE][PASSED] - Attribute 'class' of object '' is: ' '

2022-01-17 13:08:32 - [MESSAGE][PASSED] - Attribute 'class' of object '' is: ' '

2022-01-17 13:08:32 - [MESSAGE][PASSED] - Attribute 'class' of object '' is: ' '

2022-01-17 13:08:32 - [MESSAGE][PASSED] - Attribute 'class' of object '' is: ' '

2022-01-17 13:08:32 - [MESSAGE][PASSED] - Attribute 'class' of object '' is: ' '

2022-01-17 13:08:32 - [MESSAGE][PASSED] - Attribute 'class' of object '' is: ' '

2022-01-17 13:08:32 - [MESSAGE][PASSED] - Attribute 'class' of object '' is: ' '

2022-01-17 13:08:32 - [MESSAGE][PASSED] - Attribute 'class' of object '' is: ' '

2022-01-17 13:08:32 - [MESSAGE][PASSED] - Attribute 'class' of object '' is: ' '

2022-01-17 13:08:32 - [MESSAGE][PASSED] - Attribute 'class' of object '' is: ' '

2022-01-17 13:08:32 - [MESSAGE][PASSED] - Attribute 'class' of object '' is: ' '

2022-01-17 13:08:32 - [MESSAGE][PASSED] - Attribute 'class' of object '' is: ' '

2022-01-17 13:08:33 - [MESSAGE][PASSED] - Attribute 'class' of object '' is: ' '

2022-01-17 13:08:33 - [MESSAGE][PASSED] - Attribute 'class' of object '' is: ' '

2022-01-17 13:08:33 - [MESSAGE][PASSED] - Attribute 'class' of object '' is: ' '

2022-01-17 13:08:33 - [MESSAGE][PASSED] - Attribute 'class' of object '' is: ' '

2022-01-17 13:08:33 - [MESSAGE][PASSED] - Attribute 'class' of object '' is: ' '

2022-01-17 13:08:33 - [MESSAGE][PASSED] - Attribute 'class' of object '' is: ' '

2022-01-17 13:08:33 - [MESSAGE][PASSED] - Attribute 'class' of object '' is: ' '

2022-01-17 13:08:33 - [MESSAGE][PASSED] - Attribute 'class' of object '' is: ' '

2022-01-17 13:08:33 - [MESSAGE][PASSED] - Attribute 'class' of object '' is: ' '

2022-01-17 13:08:33 - [MESSAGE][PASSED] - Attribute 'class' of object '' is: ' '

2022-01-17 13:08:33 - [MESSAGE][PASSED] - Attribute 'class' of object '' is: ' '

2022-01-17 13:08:33 - [MESSAGE][PASSED] - Attribute 'class' of object '' is: ' '

2022-01-17 13:08:33 - [MESSAGE][PASSED] - Attribute 'class' of object '' is: ' '

2022-01-17 13:08:33 - [MESSAGE][PASSED] - Attribute 'class' of object '' is: ' '

2022-01-17 13:08:33 - [MESSAGE][PASSED] - Attribute 'class' of object '' is: ' '

2022-01-17 13:08:33 - [MESSAGE][PASSED] - Attribute 'class' of object '' is: ' '

2022-01-17 13:08:33 - [MESSAGE][PASSED] - Attribute 'class' of object '' is: ' '

2022-01-17 13:08:33 - [MESSAGE][PASSED] - Attribute 'class' of object '' is: ' '

2022-01-17 13:08:33 - [MESSAGE][PASSED] - Attribute 'class' of object '' is: ' '

2022-01-17 13:08:33 - [MESSAGE][PASSED] - Attribute 'class' of object '' is: ' '

2022-01-17 13:08:33 - [MESSAGE][PASSED] - Attribute 'class' of object '' is: ' '

2022-01-17 13:08:33 - [MESSAGE][PASSED] - Attribute 'class' of object '' is: ' '

2022-01-17 13:08:33 - [MESSAGE][PASSED] - Attribute 'class' of object '' is: ' '

2022-01-17 13:08:33 - [MESSAGE][PASSED] - Attribute 'class' of object '' is: ' '

2022-01-17 13:08:33 - [MESSAGE][PASSED] - Attribute 'class' of object '' is: ' '

2022-01-17 13:08:33 - [MESSAGE][PASSED] - Attribute 'class' of object '' is: ' '

2022-01-17 13:08:33 - [MESSAGE][PASSED] - Attribute 'class' of object '' is: ' '

2022-01-17 13:08:33 - [MESSAGE][PASSED] - Attribute 'class' of object '' is: ' '

2022-01-17 13:08:33 - [MESSAGE][PASSED] - Attribute 'class' of object '' is: ' '

2022-01-17 13:08:33 - [MESSAGE][PASSED] - Attribute 'class' of object '' is: ' '

2022-01-17 13:08:33 - [MESSAGE][PASSED] - Attribute 'class' of object '' is: ' '

2022-01-17 13:08:33 - [MESSAGE][PASSED] - Attribute 'class' of object '' is: ' '

2022-01-17 13:08:33 - [MESSAGE][PASSED] - Attribute 'class' of object '' is: ' '

2022-01-17 13:08:33 - [MESSAGE][PASSED] - Attribute 'class' of object '' is: ' '

2022-01-17 13:08:33 - [MESSAGE][PASSED] - Attribute 'class' of object '' is: ' '

2022-01-17 13:08:33 - [MESSAGE][PASSED] - Attribute 'class' of object '' is: ' '

2022-01-17 13:08:33 - [MESSAGE][PASSED] - Attribute 'class' of object '' is: ' '

2022-01-17 13:08:33 - [MESSAGE][PASSED] - Attribute 'class' of object '' is: ' '

2022-01-17 13:08:33 - [MESSAGE][PASSED] - Attribute 'class' of object '' is: ' '

2022-01-17 13:08:33 - [MESSAGE][PASSED] - Attribute 'class' of object '' is: ' '

2022-01-17 13:08:33 - [MESSAGE][PASSED] - Attribute 'class' of object '' is: ' '

2022-01-17 13:08:33 - [MESSAGE][PASSED] - Attribute 'class' of object '' is: ' '

2022-01-17 13:08:33 - [MESSAGE][PASSED] - Attribute 'class' of object '' is: ' '

2022-01-17 13:08:33 - [MESSAGE][PASSED] - Attribute 'class' of object '' is: ' '

2022-01-17 13:08:33 - [MESSAGE][PASSED] - Attribute 'class' of object '' is: ' '

2022-01-17 13:08:33 - [MESSAGE][PASSED] - Attribute 'class' of object '' is: ' '

2022-01-17 13:08:33 - [MESSAGE][PASSED] - Attribute 'class' of object '' is: ' '

2022-01-17 13:08:33 - [MESSAGE][PASSED] - Attribute 'class' of object '' is: ' '

2022-01-17 13:08:33 - [MESSAGE][PASSED] - Attribute 'class' of object '' is: ' '

2022-01-17 13:08:33 - [MESSAGE][PASSED] - Attribute 'class' of object '' is: ' '

2022-01-17 13:08:33 - [MESSAGE][PASSED] - Attribute 'class' of object '' is: ' '

2022-01-17 13:08:33 - [MESSAGE][PASSED] - Attribute 'class' of object '' is: ' '

2022-01-17 13:08:33 - [MESSAGE][PASSED] - Attribute 'class' of object '' is: ' '

2022-01-17 13:08:33 - [MESSAGE][PASSED] - Attribute 'class' of object '' is: ' '

2022-01-17 13:08:33 - [MESSAGE][PASSED] - Attribute 'class' of object '' is: ' '

2022-01-17 13:08:33 - [MESSAGE][PASSED] - Attribute 'class' of object '' is: ' '

2022-01-17 13:08:33 - [MESSAGE][PASSED] - Attribute 'class' of object '' is: ' '

2022-01-17 13:08:33 - [MESSAGE][PASSED] - Attribute 'class' of object '' is: ' '

2022-01-17 13:08:33 - [MESSAGE][PASSED] - Attribute 'class' of object '' is: ' '

2022-01-17 13:08:33 - [MESSAGE][PASSED] - Attribute 'class' of object '' is: ' '

2022-01-17 13:08:33 - [MESSAGE][PASSED] - Attribute 'class' of object '' is: ' '

2022-01-17 13:08:33 - [MESSAGE][PASSED] - Attribute 'class' of object '' is: ' '

2022-01-17 13:08:33 - [MESSAGE][PASSED] - Attribute 'class' of object '' is: ' '

2022-01-17 13:08:33 - [MESSAGE][PASSED] - Attribute 'class' of object '' is: ' '

2022-01-17 13:08:33 - [MESSAGE][PASSED] - Attribute 'class' of object '' is: ' '

2022-01-17 13:08:33 - [MESSAGE][PASSED] - Attribute 'class' of object '' is: ' '

2022-01-17 13:08:33 - [MESSAGE][PASSED] - Attribute 'class' of object '' is: ' '

2022-01-17 13:08:33 - [MESSAGE][PASSED] - Attribute 'class' of object '' is: ' '

2022-01-17 13:08:33 - [MESSAGE][PASSED] - Attribute 'class' of object '' is: ' '

2022-01-17 13:08:33 - [MESSAGE][PASSED] - Attribute 'class' of object '' is: ' '

2022-01-17 13:08:33 - [MESSAGE][PASSED] - Attribute 'class' of object '' is: ' '

2022-01-17 13:08:33 - [MESSAGE][PASSED] - Attribute 'class' of object '' is: ' '

2022-01-17 13:08:33 - [MESSAGE][PASSED] - Attribute 'class' of object '' is: ' '

2022-01-17 13:08:33 - [MESSAGE][PASSED] - Attribute 'class' of object '' is: ' '

2022-01-17 13:08:33 - [MESSAGE][PASSED] - Attribute 'class' of object '' is: ' '

2022-01-17 13:08:33 - [MESSAGE][PASSED] - Attribute 'class' of object '' is: ' '

2022-01-17 13:08:33 - [MESSAGE][PASSED] - Attribute 'class' of object '' is: ' '

2022-01-17 13:08:33 - [MESSAGE][PASSED] - Attribute 'class' of object '' is: ' '

2022-01-17 13:08:34 - [MESSAGE][PASSED] - Attribute 'class' of object '' is: ' '

2022-01-17 13:08:34 - [MESSAGE][PASSED] - Attribute 'class' of object '' is: ' '

2022-01-17 13:08:34 - [MESSAGE][PASSED] - Attribute 'class' of object '' is: ' '

2022-01-17 13:08:34 - [MESSAGE][PASSED] - Attribute 'class' of object '' is: ' '

2022-01-17 13:08:34 - [MESSAGE][PASSED] - Attribute 'class' of object '' is: ' '

2022-01-17 13:08:34 - [MESSAGE][PASSED] - Attribute 'class' of object '' is: ' '

2022-01-17 13:08:34 - [MESSAGE][PASSED] - Attribute 'class' of object '' is: ' '

2022-01-17 13:08:34 - [MESSAGE][PASSED] - Attribute 'class' of object '' is: ' '

2022-01-17 13:08:34 - [MESSAGE][PASSED] - Attribute 'class' of object '' is: ' '

2022-01-17 13:08:34 - [MESSAGE][PASSED] - Attribute 'class' of object '' is: ' '

2022-01-17 13:08:34 - [MESSAGE][PASSED] - Attribute 'class' of object '' is: ' '

2022-01-17 13:08:34 - [MESSAGE][PASSED] - Attribute 'class' of object '' is: ' '

2022-01-17 13:08:34 - [MESSAGE][PASSED] - Attribute 'class' of object '' is: ' '

2022-01-17 13:08:34 - [MESSAGE][PASSED] - Attribute 'class' of object '' is: ' '

2022-01-17 13:08:34 - [MESSAGE][PASSED] - Attribute 'class' of object '' is: ' '

2022-01-17 13:08:34 - [MESSAGE][PASSED] - Attribute 'class' of object '' is: ' '

2022-01-17 13:08:34 - [MESSAGE][PASSED] - Attribute 'class' of object '' is: ' '

2022-01-17 13:08:34 - [MESSAGE][PASSED] - Attribute 'class' of object '' is: ' '

2022-01-17 13:08:34 - [MESSAGE][PASSED] - Attribute 'class' of object '' is: ' '

2022-01-17 13:08:34 - [MESSAGE][PASSED] - Attribute 'class' of object '' is: ' '

2022-01-17 13:08:34 - [MESSAGE][PASSED] - Attribute 'class' of object '' is: ' '

2022-01-17 13:08:34 - [MESSAGE][PASSED] - Attribute 'class' of object '' is: ' '

2022-01-17 13:08:34 - [MESSAGE][PASSED] - Attribute 'class' of object '' is: ' '

2022-01-17 13:08:34 - [MESSAGE][PASSED] - Attribute 'class' of object '' is: ' '

2022-01-17 13:08:34 - [MESSAGE][PASSED] - Attribute 'class' of object '' is: ' '

2022-01-17 13:08:34 - [MESSAGE][PASSED] - Attribute 'class' of object '' is: ' '

2022-01-17 13:08:34 - [MESSAGE][PASSED] - Attribute 'class' of object '' is: ' '

2022-01-17 13:08:34 - [MESSAGE][PASSED] - Attribute 'class' of object '' is: ' '

2022-01-17 13:08:34 - [MESSAGE][PASSED] - Attribute 'class' of object '' is: ' '

2022-01-17 13:08:34 - [MESSAGE][PASSED] - Attribute 'class' of object '' is: ' '

2022-01-17 13:08:34 - [MESSAGE][PASSED] - Attribute 'class' of object '' is: ' '

2022-01-17 13:08:34 - [MESSAGE][PASSED] - Attribute 'class' of object '' is: ' '

2022-01-17 13:08:34 - [MESSAGE][PASSED] - Attribute 'class' of object '' is: ' '

2022-01-17 13:08:34 - [MESSAGE][PASSED] - Attribute 'class' of object '' is: ' '

2022-01-17 13:08:34 - [MESSAGE][PASSED] - Attribute 'class' of object '' is: ' '

2022-01-17 13:08:34 - [MESSAGE][PASSED] - Attribute 'class' of object '' is: ' '

2022-01-17 13:08:34 - [MESSAGE][PASSED] - Attribute 'class' of object '' is: ' '

2022-01-17 13:08:34 - [MESSAGE][PASSED] - Attribute 'class' of object '' is: ' '

2022-01-17 13:08:34 - [MESSAGE][PASSED] - Attribute 'class' of object '' is: ' '

2022-01-17 13:08:34 - [MESSAGE][PASSED] - Attribute 'class' of object '' is: ' '

2022-01-17 13:08:34 - [MESSAGE][PASSED] - Attribute 'class' of object '' is: ' '

2022-01-17 13:08:34 - [MESSAGE][PASSED] - Attribute 'class' of object '' is: ' '

2022-01-17 13:08:34 - [MESSAGE][PASSED] - Attribute 'class' of object '' is: ' '

2022-01-17 13:08:34 - [MESSAGE][PASSED] - Attribute 'class' of object '' is: ' '

2022-01-17 13:08:34 - [MESSAGE][PASSED] - Attribute 'class' of object '' is: ' '

2022-01-17 13:08:34 - [MESSAGE][PASSED] - Attribute 'class' of object '' is: ' '

2022-01-17 13:08:34 - [MESSAGE][PASSED] - Attribute 'class' of object '' is: ' '

2022-01-17 13:08:34 - [MESSAGE][PASSED] - Attribute 'class' of object '' is: ' '

2022-01-17 13:08:34 - [MESSAGE][PASSED] - Attribute 'class' of object '' is: ' '

2022-01-17 13:08:34 - [MESSAGE][PASSED] - Attribute 'class' of object '' is: ' '

2022-01-17 13:08:34 - [MESSAGE][PASSED] - Attribute 'class' of object '' is: ' '

2022-01-17 13:08:34 - [MESSAGE][PASSED] - Attribute 'class' of object '' is: ' '

2022-01-17 13:08:34 - [MESSAGE][PASSED] - Attribute 'class' of object '' is: ' '

2022-01-17 13:08:34 - [MESSAGE][PASSED] - Attribute 'class' of object '' is: ' '

2022-01-17 13:08:34 - [MESSAGE][PASSED] - Attribute 'class' of object '' is: ' '

2022-01-17 13:08:34 - [MESSAGE][PASSED] - Attribute 'class' of object '' is: ' '

2022-01-17 13:08:34 - [MESSAGE][PASSED] - Attribute 'class' of object '' is: ' '

2022-01-17 13:08:34 - [MESSAGE][PASSED] - Attribute 'class' of object '' is: ' '

2022-01-17 13:08:34 - [MESSAGE][PASSED] - Attribute 'class' of object '' is: ' '

2022-01-17 13:08:34 - [MESSAGE][PASSED] - Attribute 'class' of object '' is: ' '

2022-01-17 13:08:34 - [MESSAGE][PASSED] - Attribute 'class' of object '' is: ' '

2022-01-17 13:08:34 - [MESSAGE][PASSED] - Attribute 'class' of object '' is: ' '

2022-01-17 13:08:34 - [MESSAGE][PASSED] - Attribute 'class' of object '' is: ' '

2022-01-17 13:08:34 - [MESSAGE][PASSED] - Attribute 'class' of object '' is: ' '

2022-01-17 13:08:34 - [MESSAGE][PASSED] - Attribute 'class' of object '' is: ' '

2022-01-17 13:08:34 - [MESSAGE][PASSED] - Attribute 'class' of object '' is: ' '

2022-01-17 13:08:34 - [MESSAGE][PASSED] - Attribute 'class' of object '' is: ' '

2022-01-17 13:08:34 - [MESSAGE][PASSED] - Attribute 'class' of object '' is: ' '

2022-01-17 13:08:34 - [MESSAGE][PASSED] - Attribute 'class' of object '' is: ' '

2022-01-17 13:08:34 - [MESSAGE][PASSED] - Attribute 'class' of object '' is: ' '

2022-01-17 13:08:34 - [MESSAGE][PASSED] - Attribute 'class' of object '' is: ' '

2022-01-17 13:08:34 - [MESSAGE][PASSED] - Attribute 'class' of object '' is: ' '

2022-01-17 13:08:34 - [MESSAGE][PASSED] - Attribute 'class' of object '' is: ' '

2022-01-17 13:08:34 - [MESSAGE][PASSED] - Attribute 'class' of object '' is: ' '

2022-01-17 13:08:34 - [MESSAGE][PASSED] - Attribute 'class' of object '' is: ' '

2022-01-17 13:08:34 - [MESSAGE][PASSED] - Attribute 'class' of object '' is: ' '

2022-01-17 13:08:34 - [MESSAGE][PASSED] - Attribute 'class' of object '' is: ' '

2022-01-17 13:08:34 - [MESSAGE][PASSED] - Attribute 'class' of object '' is: ' '

2022-01-17 13:08:35 - [MESSAGE][PASSED] - Attribute 'class' of object '' is: ' '

2022-01-17 13:08:35 - [MESSAGE][PASSED] - Attribute 'class' of object '' is: ' '

2022-01-17 13:08:35 - [MESSAGE][PASSED] - Attribute 'class' of object '' is: ' '

2022-01-17 13:08:35 - [MESSAGE][PASSED] - Attribute 'class' of object '' is: ' '

2022-01-17 13:08:35 - [MESSAGE][PASSED] - Attribute 'class' of object '' is: ' '

2022-01-17 13:08:35 - [MESSAGE][PASSED] - Attribute 'class' of object '' is: ' '

2022-01-17 13:08:35 - [MESSAGE][PASSED] - Attribute 'class' of object '' is: ' '

2022-01-17 13:08:35 - [MESSAGE][PASSED] - Attribute 'class' of object '' is: ' '

2022-01-17 13:08:35 - [MESSAGE][PASSED] - Attribute 'class' of object '' is: ' '

2022-01-17 13:08:35 - [MESSAGE][PASSED] - Attribute 'class' of object '' is: ' '

2022-01-17 13:08:35 - [MESSAGE][PASSED] - Attribute 'class' of object '' is: ' '

2022-01-17 13:08:35 - [MESSAGE][PASSED] - Attribute 'class' of object '' is: ' '

2022-01-17 13:08:35 - [MESSAGE][PASSED] - Attribute 'class' of object '' is: ' '

2022-01-17 13:08:35 - [MESSAGE][PASSED] - Attribute 'class' of object '' is: ' '

2022-01-17 13:08:35 - [MESSAGE][PASSED] - Attribute 'class' of object '' is: ' '

2022-01-17 13:08:35 - [MESSAGE][PASSED] - Attribute 'class' of object '' is: ' '

2022-01-17 13:08:35 - [MESSAGE][PASSED] - Attribute 'class' of object '' is: ' '

2022-01-17 13:08:35 - [MESSAGE][PASSED] - Attribute 'class' of object '' is: ' '

2022-01-17 13:08:35 - [MESSAGE][PASSED] - Attribute 'class' of object '' is: ' '

2022-01-17 13:08:35 - [MESSAGE][PASSED] - Attribute 'class' of object '' is: ' '

2022-01-17 13:08:35 - [MESSAGE][PASSED] - Attribute 'class' of object '' is: ' '

2022-01-17 13:08:35 - [MESSAGE][PASSED] - Attribute 'class' of object '' is: ' '

2022-01-17 13:08:35 - [MESSAGE][PASSED] - Attribute 'class' of object '' is: ' '

2022-01-17 13:08:35 - [MESSAGE][PASSED] - Attribute 'class' of object '' is: ' '

2022-01-17 13:08:35 - [MESSAGE][PASSED] - Attribute 'class' of object '' is: ' '

2022-01-17 13:08:35 - [MESSAGE][PASSED] - Attribute 'class' of object '' is: ' '

2022-01-17 13:08:35 - [MESSAGE][PASSED] - Attribute 'class' of object '' is: ' '

2022-01-17 13:08:35 - [MESSAGE][PASSED] - Attribute 'class' of object '' is: ' '

2022-01-17 13:08:35 - [MESSAGE][PASSED] - Attribute 'class' of object '' is: ' '

2022-01-17 13:08:35 - [MESSAGE][PASSED] - Attribute 'class' of object '' is: ' '

2022-01-17 13:08:35 - [MESSAGE][PASSED] - Attribute 'class' of object '' is: ' '

2022-01-17 13:08:35 - [MESSAGE][PASSED] - Attribute 'class' of object '' is: ' '

2022-01-17 13:08:35 - [MESSAGE][PASSED] - Attribute 'class' of object '' is: ' '

2022-01-17 13:08:35 - [MESSAGE][PASSED] - Attribute 'class' of object '' is: ' '

2022-01-17 13:08:35 - [MESSAGE][PASSED] - Attribute 'class' of object '' is: ' '

2022-01-17 13:08:35 - [MESSAGE][PASSED] - Attribute 'class' of object '' is: ' '

2022-01-17 13:08:35 - [MESSAGE][PASSED] - Attribute 'class' of object '' is: ' '

2022-01-17 13:08:35 - [MESSAGE][PASSED] - Attribute 'class' of object '' is: ' '

2022-01-17 13:08:35 - [MESSAGE][PASSED] - Attribute 'class' of object '' is: ' '

2022-01-17 13:08:35 - [MESSAGE][PASSED] - Attribute 'class' of object '' is: ' '

2022-01-17 13:08:35 - [MESSAGE][PASSED] - Attribute 'class' of object '' is: ' '

2022-01-17 13:08:35 - [MESSAGE][PASSED] - Attribute 'class' of object '' is: ' '

2022-01-17 13:08:35 - [MESSAGE][PASSED] - Attribute 'class' of object '' is: ' '

2022-01-17 13:08:35 - [MESSAGE][PASSED] - Attribute 'class' of object '' is: ' '

2022-01-17 13:08:35 - [MESSAGE][PASSED] - Attribute 'class' of object '' is: ' '

2022-01-17 13:08:35 - [MESSAGE][PASSED] - Attribute 'class' of object '' is: ' '

2022-01-17 13:08:35 - [MESSAGE][PASSED] - Attribute 'class' of object '' is: ' '

2022-01-17 13:08:35 - [MESSAGE][PASSED] - Attribute 'class' of object '' is: ' '

2022-01-17 13:08:35 - [MESSAGE][PASSED] - Attribute 'class' of object '' is: ' '

2022-01-17 13:08:35 - [MESSAGE][PASSED] - Attribute 'class' of object '' is: ' '

2022-01-17 13:08:35 - [MESSAGE][PASSED] - Attribute 'class' of object '' is: ' '

2022-01-17 13:08:35 - [MESSAGE][PASSED] - Attribute 'class' of object '' is: ' '

2022-01-17 13:08:35 - [MESSAGE][PASSED] - Attribute 'class' of object '' is: ' '

2022-01-17 13:08:35 - [MESSAGE][PASSED] - Attribute 'class' of object '' is: ' '

2022-01-17 13:08:35 - [MESSAGE][PASSED] - Attribute 'class' of object '' is: ' '

2022-01-17 13:08:35 - [MESSAGE][PASSED] - Attribute 'class' of object '' is: ' '

2022-01-17 13:08:35 - [MESSAGE][PASSED] - Attribute 'class' of object '' is: ' '

2022-01-17 13:08:35 - [MESSAGE][PASSED] - Attribute 'class' of object '' is: ' '

2022-01-17 13:08:35 - [MESSAGE][PASSED] - Attribute 'class' of object '' is: ' '

2022-01-17 13:08:35 - [MESSAGE][PASSED] - Attribute 'class' of object '' is: ' '

2022-01-17 13:08:35 - [MESSAGE][PASSED] - Attribute 'class' of object '' is: ' '

2022-01-17 13:08:35 - [MESSAGE][PASSED] - Attribute 'class' of object '' is: ' '

2022-01-17 13:08:35 - [MESSAGE][PASSED] - Attribute 'class' of object '' is: ' '

2022-01-17 13:08:35 - [MESSAGE][PASSED] - Attribute 'class' of object '' is: ' '

2022-01-17 13:08:35 - [MESSAGE][PASSED] - Attribute 'class' of object '' is: ' '

2022-01-17 13:08:35 - [MESSAGE][PASSED] - Attribute 'class' of object '' is: ' '

2022-01-17 13:08:35 - [MESSAGE][PASSED] - Attribute 'class' of object '' is: ' '

2022-01-17 13:08:35 - [MESSAGE][PASSED] - Attribute 'class' of object '' is: ' '

2022-01-17 13:08:35 - [MESSAGE][PASSED] - Attribute 'class' of object '' is: ' '

2022-01-17 13:08:35 - [MESSAGE][PASSED] - Attribute 'class' of object '' is: ' '

2022-01-17 13:08:35 - [MESSAGE][PASSED] - Attribute 'class' of object '' is: ' '

2022-01-17 13:08:35 - [MESSAGE][PASSED] - Attribute 'class' of object '' is: ' '

2022-01-17 13:08:35 - [MESSAGE][PASSED] - Attribute 'class' of object '' is: ' '

2022-01-17 13:08:35 - [MESSAGE][PASSED] - Attribute 'class' of object '' is: ' '

2022-01-17 13:08:35 - [MESSAGE][PASSED] - Attribute 'class' of object '' is: ' '

2022-01-17 13:08:35 - [MESSAGE][PASSED] - Attribute 'class' of object '' is: ' '

2022-01-17 13:08:35 - [MESSAGE][PASSED] - Attribute 'class' of object '' is: ' '

2022-01-17 13:08:35 - [MESSAGE][PASSED] - Attribute 'class' of object '' is: ' '

2022-01-17 13:08:35 - [MESSAGE][PASSED] - Attribute 'class' of object '' is: ' '

2022-01-17 13:08:35 - [MESSAGE][PASSED] - Attribute 'class' of object '' is: ' '

2022-01-17 13:08:35 - [MESSAGE][PASSED] - Attribute 'class' of object '' is: ' '

2022-01-17 13:08:35 - [MESSAGE][PASSED] - Attribute 'class' of object '' is: ' '

2022-01-17 13:08:35 - [MESSAGE][PASSED] - Attribute 'class' of object '' is: ' '

2022-01-17 13:08:36 - [MESSAGE][PASSED] - Attribute 'class' of object '' is: ' '

2022-01-17 13:08:36 - [MESSAGE][PASSED] - Attribute 'class' of object '' is: ' '

2022-01-17 13:08:36 - [MESSAGE][PASSED] - Attribute 'class' of object '' is: ' '

2022-01-17 13:08:36 - [MESSAGE][PASSED] - Attribute 'class' of object '' is: ' '

2022-01-17 13:08:36 - [MESSAGE][PASSED] - Attribute 'class' of object '' is: ' '

2022-01-17 13:08:36 - [MESSAGE][PASSED] - Attribute 'class' of object '' is: ' '

2022-01-17 13:08:36 - [MESSAGE][PASSED] - Attribute 'class' of object '' is: ' '

2022-01-17 13:08:36 - [MESSAGE][PASSED] - Attribute 'class' of object '' is: ' '

2022-01-17 13:08:36 - [MESSAGE][PASSED] - Attribute 'class' of object '' is: ' '

2022-01-17 13:08:36 - [MESSAGE][PASSED] - Attribute 'class' of object '' is: ' '

2022-01-17 13:08:36 - [MESSAGE][PASSED] - Attribute 'class' of object '' is: ' '

2022-01-17 13:08:36 - [MESSAGE][PASSED] - Attribute 'class' of object '' is: ' '

2022-01-17 13:08:36 - [MESSAGE][PASSED] - Attribute 'class' of object '' is: ' '

2022-01-17 13:08:36 - [MESSAGE][PASSED] - Attribute 'class' of object '' is: ' '

2022-01-17 13:08:36 - [MESSAGE][PASSED] - Attribute 'class' of object '' is: ' '

2022-01-17 13:08:36 - [MESSAGE][PASSED] - Attribute 'class' of object '' is: ' '

2022-01-17 13:08:36 - [MESSAGE][PASSED] - Attribute 'class' of object '' is: ' '

2022-01-17 13:08:36 - [MESSAGE][PASSED] - Attribute 'class' of object '' is: ' '

2022-01-17 13:08:36 - [MESSAGE][PASSED] - Attribute 'class' of object '' is: ' '

2022-01-17 13:08:36 - [MESSAGE][PASSED] - Attribute 'class' of object '' is: ' '

2022-01-17 13:08:36 - [MESSAGE][PASSED] - Attribute 'class' of object '' is: ' '

2022-01-17 13:08:36 - [MESSAGE][PASSED] - Attribute 'class' of object '' is: ' '

2022-01-17 13:08:36 - [MESSAGE][PASSED] - Attribute 'class' of object '' is: ' '

2022-01-17 13:08:36 - [MESSAGE][PASSED] - Attribute 'class' of object '' is: ' '

2022-01-17 13:08:36 - [MESSAGE][PASSED] - Attribute 'class' of object '' is: ' '

2022-01-17 13:08:36 - [MESSAGE][PASSED] - Attribute 'class' of object '' is: ' '

2022-01-17 13:08:36 - [MESSAGE][PASSED] - Attribute 'class' of object '' is: ' '

2022-01-17 13:08:36 - [MESSAGE][PASSED] - Attribute 'class' of object '' is: ' '

2022-01-17 13:08:36 - [MESSAGE][PASSED] - Attribute 'class' of object '' is: ' '

2022-01-17 13:08:36 - [MESSAGE][PASSED] - Attribute 'class' of object '' is: ' '

2022-01-17 13:08:36 - [MESSAGE][PASSED] - Attribute 'class' of object '' is: ' '

2022-01-17 13:08:36 - [MESSAGE][PASSED] - Attribute 'class' of object '' is: ' '

2022-01-17 13:08:36 - [MESSAGE][PASSED] - Attribute 'class' of object '' is: ' '

2022-01-17 13:08:36 - [MESSAGE][PASSED] - Attribute 'class' of object '' is: ' '

2022-01-17 13:08:36 - [MESSAGE][PASSED] - Attribute 'class' of object '' is: ' '

2022-01-17 13:08:36 - [MESSAGE][PASSED] - Attribute 'class' of object '' is: ' '

2022-01-17 13:08:36 - [MESSAGE][PASSED] - Attribute 'class' of object '' is: ' '

2022-01-17 13:08:36 - [MESSAGE][PASSED] - Attribute 'class' of object '' is: ' '

2022-01-17 13:08:36 - [MESSAGE][PASSED] - Attribute 'class' of object '' is: ' '

2022-01-17 13:08:36 - [MESSAGE][PASSED] - Attribute 'class' of object '' is: ' '

2022-01-17 13:08:36 - [MESSAGE][PASSED] - Attribute 'class' of object '' is: ' '

2022-01-17 13:08:36 - [MESSAGE][PASSED] - Attribute 'class' of object '' is: ' '

2022-01-17 13:08:36 - [MESSAGE][PASSED] - Attribute 'class' of object '' is: ' '

2022-01-17 13:08:36 - [MESSAGE][PASSED] - Attribute 'class' of object '' is: ' '

2022-01-17 13:08:36 - [MESSAGE][PASSED] - Attribute 'class' of object '' is: ' '

2022-01-17 13:08:36 - [MESSAGE][PASSED] - Attribute 'class' of object '' is: ' '

2022-01-17 13:08:36 - [MESSAGE][PASSED] - Attribute 'class' of object '' is: ' '

2022-01-17 13:08:36 - [MESSAGE][PASSED] - Attribute 'class' of object '' is: ' '

2022-01-17 13:08:36 - [MESSAGE][PASSED] - Attribute 'class' of object '' is: ' '

2022-01-17 13:08:36 - [MESSAGE][PASSED] - Attribute 'class' of object '' is: ' '

2022-01-17 13:08:36 - [MESSAGE][PASSED] - Attribute 'class' of object '' is: ' '

2022-01-17 13:08:36 - [MESSAGE][PASSED] - Attribute 'class' of object '' is: ' '

2022-01-17 13:08:36 - [MESSAGE][PASSED] - Attribute 'class' of object '' is: ' '

2022-01-17 13:08:36 - [MESSAGE][PASSED] - Attribute 'class' of object '' is: ' '

2022-01-17 13:08:36 - [MESSAGE][PASSED] - Attribute 'class' of object '' is: ' '

2022-01-17 13:08:36 - [MESSAGE][PASSED] - Attribute 'class' of object '' is: ' '

2022-01-17 13:08:36 - [MESSAGE][PASSED] - Attribute 'class' of object '' is: ' '

2022-01-17 13:08:36 - [MESSAGE][PASSED] - Attribute 'class' of object '' is: ' '

2022-01-17 13:08:36 - [MESSAGE][PASSED] - Attribute 'class' of object '' is: ' '

2022-01-17 13:08:36 - [MESSAGE][PASSED] - Attribute 'class' of object '' is: ' '

2022-01-17 13:08:36 - [MESSAGE][PASSED] - Attribute 'class' of object '' is: ' '

2022-01-17 13:08:36 - [MESSAGE][PASSED] - Attribute 'class' of object '' is: ' '

2022-01-17 13:08:36 - [MESSAGE][PASSED] - Attribute 'class' of object '' is: ' '

2022-01-17 13:08:36 - [MESSAGE][PASSED] - Attribute 'class' of object '' is: ' '

2022-01-17 13:08:36 - [MESSAGE][PASSED] - Attribute 'class' of object '' is: ' '

2022-01-17 13:08:36 - [MESSAGE][PASSED] - Attribute 'class' of object '' is: ' '

2022-01-17 13:08:36 - [MESSAGE][PASSED] - Attribute 'class' of object '' is: ' '

2022-01-17 13:08:36 - [MESSAGE][PASSED] - Attribute 'class' of object '' is: ' '

2022-01-17 13:08:36 - [MESSAGE][PASSED] - Attribute 'class' of object '' is: ' '

2022-01-17 13:08:36 - [MESSAGE][PASSED] - Attribute 'class' of object '' is: ' '

2022-01-17 13:08:36 - [MESSAGE][PASSED] - Attribute 'class' of object '' is: ' '

2022-01-17 13:08:36 - [MESSAGE][PASSED] - Attribute 'class' of object '' is: ' '

2022-01-17 13:08:36 - [MESSAGE][PASSED] - Attribute 'class' of object '' is: ' '

2022-01-17 13:08:36 - [MESSAGE][PASSED] - Attribute 'class' of object '' is: ' '

2022-01-17 13:08:36 - [MESSAGE][PASSED] - Attribute 'class' of object '' is: ' '

2022-01-17 13:08:36 - [MESSAGE][PASSED] - Attribute 'class' of object '' is: ' '

2022-01-17 13:08:36 - [MESSAGE][PASSED] - Attribute 'class' of object '' is: ' '

2022-01-17 13:08:36 - [MESSAGE][PASSED] - Attribute 'class' of object '' is: ' '

2022-01-17 13:08:36 - [MESSAGE][PASSED] - Attribute 'class' of object '' is: ' '

2022-01-17 13:08:36 - [MESSAGE][PASSED] - Attribute 'class' of object '' is: ' '

2022-01-17 13:08:36 - [MESSAGE][PASSED] - Attribute 'class' of object '' is: ' '

2022-01-17 13:08:36 - [MESSAGE][PASSED] - Attribute 'class' of object '' is: ' '

2022-01-17 13:08:36 - [MESSAGE][PASSED] - Attribute 'class' of object '' is: ' '

2022-01-17 13:08:36 - [MESSAGE][PASSED] - Attribute 'class' of object '' is: ' '

2022-01-17 13:08:36 - [MESSAGE][PASSED] - Attribute 'class' of object '' is: ' '

2022-01-17 13:08:36 - [MESSAGE][PASSED] - Attribute 'class' of object '' is: ' '

2022-01-17 13:08:36 - [MESSAGE][PASSED] - Attribute 'class' of object '' is: ' '

2022-01-17 13:08:36 - [MESSAGE][PASSED] - Attribute 'class' of object '' is: ' '

2022-01-17 13:08:36 - [MESSAGE][PASSED] - Attribute 'class' of object '' is: ' '

2022-01-17 13:08:36 - [MESSAGE][PASSED] - Attribute 'class' of object '' is: ' '

2022-01-17 13:08:37 - [MESSAGE][PASSED] - Attribute 'class' of object '' is: ' '

2022-01-17 13:08:37 - [MESSAGE][PASSED] - Attribute 'class' of object '' is: ' '

2022-01-17 13:08:37 - [MESSAGE][PASSED] - Attribute 'class' of object '' is: ' '

2022-01-17 13:08:37 - [MESSAGE][PASSED] - Attribute 'class' of object '' is: ' '

2022-01-17 13:08:37 - [MESSAGE][PASSED] - Attribute 'class' of object '' is: ' '

2022-01-17 13:08:37 - [MESSAGE][PASSED] - Attribute 'class' of object '' is: ' '

2022-01-17 13:08:37 - [MESSAGE][PASSED] - Attribute 'class' of object '' is: ' '

2022-01-17 13:08:37 - [MESSAGE][PASSED] - Attribute 'class' of object '' is: ' '

2022-01-17 13:08:37 - [MESSAGE][PASSED] - Attribute 'class' of object '' is: ' '

2022-01-17 13:08:37 - [MESSAGE][PASSED] - Attribute 'class' of object '' is: ' '

2022-01-17 13:08:37 - [MESSAGE][PASSED] - Attribute 'class' of object '' is: ' '

2022-01-17 13:08:37 - [MESSAGE][PASSED] - Attribute 'class' of object '' is: ' '

2022-01-17 13:08:37 - [MESSAGE][PASSED] - Attribute 'class' of object '' is: ' '

2022-01-17 13:08:37 - [MESSAGE][PASSED] - Attribute 'class' of object '' is: ' '

2022-01-17 13:08:37 - [MESSAGE][PASSED] - Attribute 'class' of object '' is: ' '

2022-01-17 13:08:37 - [MESSAGE][PASSED] - Attribute 'class' of object '' is: ' '

2022-01-17 13:08:37 - [MESSAGE][PASSED] - Attribute 'class' of object '' is: ' '

2022-01-17 13:08:37 - [MESSAGE][PASSED] - Attribute 'class' of object '' is: ' '

2022-01-17 13:08:37 - [MESSAGE][PASSED] - Attribute 'class' of object '' is: ' '

2022-01-17 13:08:37 - [MESSAGE][PASSED] - Attribute 'class' of object '' is: ' '

2022-01-17 13:08:37 - [MESSAGE][PASSED] - Attribute 'class' of object '' is: ' '

2022-01-17 13:08:37 - [MESSAGE][PASSED] - Attribute 'class' of object '' is: ' '

2022-01-17 13:08:37 - [MESSAGE][PASSED] - Attribute 'class' of object '' is: ' '

2022-01-17 13:08:37 - [MESSAGE][PASSED] - Attribute 'class' of object '' is: ' '

2022-01-17 13:08:37 - [MESSAGE][PASSED] - Attribute 'class' of object '' is: ' '

2022-01-17 13:08:37 - [MESSAGE][PASSED] - Attribute 'class' of object '' is: ' '

2022-01-17 13:08:37 - [MESSAGE][PASSED] - Attribute 'class' of object '' is: ' '

2022-01-17 13:08:37 - [MESSAGE][PASSED] - Attribute 'class' of object '' is: ' '

2022-01-17 13:08:37 - [MESSAGE][PASSED] - Attribute 'class' of object '' is: ' '

2022-01-17 13:08:37 - [MESSAGE][PASSED] - Attribute 'class' of object '' is: ' '

2022-01-17 13:08:37 - [MESSAGE][PASSED] - Attribute 'class' of object '' is: ' '

2022-01-17 13:08:37 - [MESSAGE][PASSED] - Attribute 'class' of object '' is: ' '

2022-01-17 13:08:37 - [MESSAGE][PASSED] - Attribute 'class' of object '' is: ' '

2022-01-17 13:08:37 - [MESSAGE][PASSED] - Attribute 'class' of object '' is: ' '

2022-01-17 13:08:37 - [MESSAGE][PASSED] - Attribute 'class' of object '' is: ' '

2022-01-17 13:08:37 - [MESSAGE][PASSED] - Attribute 'class' of object '' is: ' '

2022-01-17 13:08:37 - [MESSAGE][PASSED] - Attribute 'class' of object '' is: ' '

2022-01-17 13:08:37 - [MESSAGE][PASSED] - Attribute 'class' of object '' is: ' '

2022-01-17 13:08:37 - [MESSAGE][PASSED] - Attribute 'class' of object '' is: ' '

2022-01-17 13:08:37 - [MESSAGE][PASSED] - Attribute 'class' of object '' is: ' '

2022-01-17 13:08:37 - [MESSAGE][PASSED] - Attribute 'class' of object '' is: ' '

2022-01-17 13:08:37 - [MESSAGE][PASSED] - Attribute 'class' of object '' is: ' '

2022-01-17 13:08:37 - [MESSAGE][PASSED] - Attribute 'class' of object '' is: ' '

2022-01-17 13:08:37 - [MESSAGE][PASSED] - Attribute 'class' of object '' is: ' '

2022-01-17 13:08:37 - [MESSAGE][PASSED] - Attribute 'class' of object '' is: ' '

2022-01-17 13:08:37 - [MESSAGE][PASSED] - Attribute 'class' of object '' is: ' '

2022-01-17 13:08:37 - [MESSAGE][PASSED] - Attribute 'class' of object '' is: ' '

2022-01-17 13:08:37 - [MESSAGE][PASSED] - Attribute 'class' of object '' is: ' '

2022-01-17 13:08:37 - [MESSAGE][PASSED] - Attribute 'class' of object '' is: ' '

2022-01-17 13:08:37 - [MESSAGE][PASSED] - Attribute 'class' of object '' is: ' '

2022-01-17 13:08:37 - [MESSAGE][PASSED] - Attribute 'class' of object '' is: ' '

2022-01-17 13:08:37 - [MESSAGE][PASSED] - Attribute 'class' of object '' is: ' '

2022-01-17 13:08:37 - [MESSAGE][PASSED] - Attribute 'class' of object '' is: ' '

2022-01-17 13:08:37 - [MESSAGE][PASSED] - Attribute 'class' of object '' is: ' '

2022-01-17 13:08:37 - [MESSAGE][PASSED] - Attribute 'class' of object '' is: ' '

2022-01-17 13:08:37 - [MESSAGE][PASSED] - Attribute 'class' of object '' is: ' '

2022-01-17 13:08:37 - [TEST_STEP][PASSED] - SearchResultHelper.checkSearchPagePagination(): Get CSS 'color' value on 'Object Repository/Search Result/span_pagenationLeftArrow' successfully: 'rgb(220, 221, 222)'.

2022-01-17 13:08:38 - [MESSAGE][PASSED] - Object 'Object Repository/Search Result/div.pagenationSection' is present

2022-01-17 13:08:38 - [MESSAGE][PASSED] - Get CSS 'background-color' value on 'Object Repository/Search Result/span_currentPagenation' successfully: 'rgb(82, 36, 127)'.

2022-01-17 13:08:39 - [MESSAGE][PASSED] - Get CSS 'color' value on 'Object Repository/Search Result/span_currentPagenation' successfully: 'rgb(255, 255, 255)'.

2022-01-17 13:08:39 - [MESSAGE][PASSED] - Attribute 'class' of object 'Object Repository/Search Result/span_pagenationLeftArrow' is: 'pagination-item pagination-navigation-item disabled'

2022-01-17 13:08:39 - [MESSAGE][PASSED] - Get CSS 'color' value on 'Object Repository/Search Result/span_pagenationLeftArrow' successfully: 'rgb(220, 221, 222)'.

2022-01-17 13:08:39 - [TEST_STEP][PASSED] - SearchResultHelper.selectProductFilters(): Text of object 'Object Repository/Search Result/h2_productListHeading' is: 'RESULTS FOR "PLASTIC" (1)'

2022-01-17 13:08:40 - [MESSAGE][PASSED] - Object: 'Object Repository/Filter/a_packagingProduct' is clicked on

2022-01-17 13:08:41 - [MESSAGE][PASSED] - Web element with id: 'Object Repository/General/div_pagleLoader' located by 'By.cssSelector: div.page-overlay' is not present after '3' second(s)

2022-01-17 13:08:41 - [MESSAGE][PASSED] - Text of object 'Object Repository/Filter/li_packagingProduct' is: 'Packaging Products (58)'

2022-01-17 13:08:42 - [MESSAGE][PASSED] - Text of object 'Object Repository/Search Result/h2_productListHeading' is: 'RESULTS FOR "PLASTIC" (58)'

2022-01-17 13:08:42 - [MESSAGE][PASSED] - Attribute 'class' of object 'Object Repository/Filter/li_packagingProduct' is: 'selected '

2022-01-17 13:08:43 - [MESSAGE][PASSED] - Object: 'Object Repository/Filter/a_plasticBags' is clicked on

2022-01-17 13:08:44 - [MESSAGE][PASSED] - Web element with id: 'Object Repository/General/div_pagleLoader' located by 'By.cssSelector: div.page-overlay' is not present after '3' second(s)

2022-01-17 13:08:44 - [MESSAGE][PASSED] - Attribute 'class' of object 'Object Repository/Filter/li_plasticBags' is: 'selected '

2022-01-17 13:08:45 - [MESSAGE][PASSED] - Object: '' is clicked on

2022-01-17 13:08:46 - [MESSAGE][PASSED] - Attribute 'class' of object '' is: 'block-title'

2022-01-17 13:08:46 - [MESSAGE][PASSED] - Attribute 'class' of object '' is: 'block-content collapsed collapse in'

2022-01-17 13:08:47 - [MESSAGE][PASSED] - Object: 'Object Repository/Filter/a_greenColor' is clicked on

2022-01-17 13:08:47 - [MESSAGE][PASSED] - Web element with id: 'Object Repository/General/div_pagleLoader' located by 'By.cssSelector: div.page-overlay' is not present after '3' second(s)

2022-01-17 13:08:48 - [MESSAGE][PASSED] - Attribute 'class' of object 'Object Repository/Filter/li_greenColor' is: 'selected '

2022-01-17 13:08:48 - [MESSAGE][PASSED] - Text of object 'Object Repository/Filter/li_greenColor' is: 'Green (1)'

2022-01-17 13:08:49 - [MESSAGE][PASSED] - Text of object 'Object Repository/Search Result/h2_productListHeading' is: 'RESULTS FOR "PLASTIC" (1)'

2022-01-17 13:08:49 - [TEST_STEP][PASSED] - SearchResultPageActions.NavigateToProductDetailsPage(): Object: 'Object Repository/Product details/a_productItem' is clicked on

2022-01-17 13:08:49 - [MESSAGE][PASSED] - Attribute 'href' of object 'Object Repository/Search Result/a_productItemLink' is: 'https://www.cleanersupply.com/Bags/Plastic-Bags/Comforter/comforterblanket-bags-12pack/'

2022-01-17 13:08:49 - [MESSAGE][PASSED] - Text of object 'Object Repository/Search Result/h2_productName' is: 'COMFORTER/BLANKET BAGS - 12/PACK'

2022-01-17 13:08:50 - [MESSAGE][PASSED] - Text of object 'Object Repository/Search Result/div_priceRange' is: '$6.50 - $14.88
List $9.72 - $18.96'

2022-01-17 13:08:50 - [MESSAGE][PASSED] - Text of object 'Object Repository/Search Result/span_availability' is: 'Available in 5 colors'

2022-01-17 13:08:54 - [MESSAGE][PASSED] - Object: 'Object Repository/Product details/a_productItem' is clicked on

2022-01-17 13:08:54 - [TEST_STEP][PASSED] - ProductDetailsHelpers.initProductDetailsPage(): Object 'Object Repository/Product details/button_addToCart' is NOT visible

2022-01-17 13:08:54 - [MESSAGE][PASSED] - Current window's title is: 'Comforter/Blanket Bags - 12/Pack - Cleaner's Supply'

2022-01-17 13:08:54 - [MESSAGE][PASSED] - Current window's url is: 'https://www.cleanersupply.com/Bags/Plastic-Bags/Comforter/comforterblanket-bags-12pack/?sku=COMF3BK'

2022-01-17 13:08:55 - [MESSAGE][PASSED] - Text of object 'Object Repository/Product details/ul_breadcrumb' is: 'Bags Plastic Bags Comforter'

2022-01-17 13:08:55 - [MESSAGE][PASSED] - Attribute 'class' of object '' is: 'xlarge option-box selected'

2022-01-17 13:08:56 - [MESSAGE][PASSED] - Get CSS 'background-color' value on '' successfully: 'rgb(65, 64, 66)'.

2022-01-17 13:08:56 - [MESSAGE][PASSED] - Get CSS 'color' value on '' successfully: 'rgb(255, 255, 255)'.

2022-01-17 13:08:56 - [MESSAGE][PASSED] - Text of object 'Object Repository/Product details/div_stockNotifcations' is: 'Currently Unavailable.'

2022-01-17 13:08:56 - [MESSAGE][PASSED] - Get CSS 'color' value on 'Object Repository/Product details/div_stockNotifcations' successfully: 'rgb(237, 28, 36)'.

2022-01-17 13:08:57 - [MESSAGE][PASSED] - Text of object 'Object Repository/Product details/span_skuNumber' is: 'COMF3BK'

2022-01-17 13:08:57 - [MESSAGE][PASSED] - Object 'Object Repository/Product details/h1_productName' is present

2022-01-17 13:08:57 - [MESSAGE][PASSED] - Text of object 'Object Repository/Product details/h1_productName' is: 'X-SMALL BLANKET BAG W/NON-WOVEN SIDES - 15" X 18" X 3" - 12/PACK - BLACK'

2022-01-17 13:08:58 - [MESSAGE][PASSED] - Text of object 'Object Repository/Product details/span_productPrice' is: '$8.64'

2022-01-17 13:08:58 - [MESSAGE][PASSED] - Object 'Object Repository/Product details/a_blackColor' is present

2022-01-17 13:08:58 - [MESSAGE][PASSED] - Attribute 'class' of object 'Object Repository/Product details/a_blackColor' is: 'option-box selected'

2022-01-17 13:08:59 - [MESSAGE][PASSED] - Text of object 'Object Repository/Product details/span_selectedColor' is: 'BLACK'

2022-01-17 13:08:59 - [MESSAGE][PASSED] - Object 'Object Repository/Product details/i_favorite' is NOT visible

2022-01-17 13:08:59 - [MESSAGE][PASSED] - Object 'Object Repository/Product details/button_addToCart' is NOT visible

2022-01-17 13:08:59 - [TEST_STEP][PASSED] - ProductDetailsHelpers.hoverEffectAndClickXLargeSizeLink(): Get CSS 'background-color' value on 'Object Repository/Product details/button_addToCart' successfully: 'rgb(82, 36, 127)'.

2022-01-17 13:09:00 - [MESSAGE][PASSED] - Object: 'Object Repository/Product details/a_xLargeLink' is hovered

2022-01-17 13:09:00 - [MESSAGE][PASSED] - Get CSS 'background-color' value on 'Object Repository/Product details/a_xLargeLink' successfully: 'rgb(119, 120, 123)'.

2022-01-17 13:09:00 - [MESSAGE][PASSED] - Get CSS 'color' value on 'Object Repository/Product details/a_xLargeLink' successfully: 'rgb(255, 255, 255)'.

2022-01-17 13:09:01 - [MESSAGE][PASSED] - Object: 'Object Repository/Product details/a_xLargeLink' is clicked on

2022-01-17 13:09:02 - [MESSAGE][PASSED] - Object 'Object Repository/Product details/h1_productName' is present

2022-01-17 13:09:02 - [MESSAGE][PASSED] - Text of object 'Object Repository/Product details/h1_productName' is: 'X-LARGE COMFORTER BAG W/NON-WOVEN SIDES - 26" X 29" X 10" - 12/PACK - BLACK'

2022-01-17 13:09:03 - [MESSAGE][PASSED] - Attribute 'class' of object '' is: 'xlarge option-box selected'

2022-01-17 13:09:03 - [MESSAGE][PASSED] - Get CSS 'background-color' value on '' successfully: 'rgb(65, 64, 66)'.

2022-01-17 13:09:04 - [MESSAGE][PASSED] - Get CSS 'color' value on '' successfully: 'rgb(255, 255, 255)'.

2022-01-17 13:09:04 - [MESSAGE][PASSED] - Text of object 'Object Repository/Product details/div_stockNotifcations' is: 'In Stock!'

2022-01-17 13:09:04 - [MESSAGE][PASSED] - Get CSS 'color' value on 'Object Repository/Product details/div_stockNotifcations' successfully: 'rgb(0, 137, 63)'.

2022-01-17 13:09:04 - [MESSAGE][PASSED] - Text of object 'Object Repository/Product details/span_skuNumber' is: 'COMF26BK'

2022-01-17 13:09:05 - [MESSAGE][PASSED] - Current window's url is: 'https://www.cleanersupply.com/Bags/Plastic-Bags/Comforter/comforterblanket-bags-12pack/?sku=COMF26BK'

2022-01-17 13:09:05 - [MESSAGE][PASSED] - Text of object 'Object Repository/Product details/span_productSpecSize' is: '26" L x 29" H x 10" W'

2022-01-17 13:09:05 - [MESSAGE][PASSED] - Keys 'BACK_SPACE + 5' sent to object: 'Object Repository/Product details/input_productQuantity'

2022-01-17 13:09:05 - [MESSAGE][PASSED] - Attribute 'value' of object 'Object Repository/Product details/input_productQuantity' is: '5'

2022-01-17 13:09:06 - [MESSAGE][PASSED] - Text of object 'Object Repository/Product details/span_productPrice' is: '$14.88'

2022-01-17 13:09:07 - [MESSAGE][PASSED] - Object 'Object Repository/Product details/i_favorite' is visible

2022-01-17 13:09:07 - [MESSAGE][PASSED] - Object 'Object Repository/Product details/button_addToCart' is visible

2022-01-17 13:09:08 - [MESSAGE][PASSED] - Get CSS 'background-color' value on 'Object Repository/Product details/button_addToCart' successfully: 'rgb(82, 36, 127)'.

2022-01-17 13:09:08 - [TEST_STEP][PASSED] - ProductDetailsHelpers.selectGreenColor(): Current window's url is: 'https://www.cleanersupply.com/Bags/Plastic-Bags/Comforter/comforterblanket-bags-12pack/?sku=COMF26GN'

2022-01-17 13:09:08 - [MESSAGE][PASSED] - Object: 'Object Repository/Product details/a_greenColor' is clicked on

2022-01-17 13:09:09 - [MESSAGE][PASSED] - Object 'Object Repository/Product details/a_greenColor' is present

2022-01-17 13:09:09 - [MESSAGE][PASSED] - Attribute 'class' of object 'Object Repository/Product details/a_greenColor' is: 'option-box selected'

2022-01-17 13:09:10 - [MESSAGE][PASSED] - Text of object 'Object Repository/Product details/span_selectedColor' is: 'GREEN'

2022-01-17 13:09:10 - [MESSAGE][PASSED] - Object 'Object Repository/Product details/h1_productName' is present

2022-01-17 13:09:10 - [MESSAGE][PASSED] - Text of object 'Object Repository/Product details/h1_productName' is: 'X-LARGE COMFORTER BAG W/NON-WOVEN SIDES - 26" X 29" X 10" - 12/PACK - GREEN'

2022-01-17 13:09:11 - [MESSAGE][PASSED] - Text of object 'Object Repository/Product details/span_skuNumber' is: 'COMF26GN'

2022-01-17 13:09:11 - [MESSAGE][PASSED] - Current window's url is: 'https://www.cleanersupply.com/Bags/Plastic-Bags/Comforter/comforterblanket-bags-12pack/?sku=COMF26GN'

2022-01-17 13:09:11 - [TEST_STEP][PASSED] - ProductDetailsHelpers.addProductToCart(): Object: 'Object Repository/Product details/button_addToCart' is clicked on

2022-01-17 13:09:11 - [MESSAGE][PASSED] - Object: 'Object Repository/Product details/div_addToCartContainer' is hovered

2022-01-17 13:09:11 - [MESSAGE][PASSED] - Get CSS 'box-shadow' value on 'Object Repository/Product details/div_addToCartContainer' successfully: 'rgba(0, 0, 0, 0.3) 0px 0px 10px 2px'.

2022-01-17 13:09:12 - [MESSAGE][PASSED] - Text of object 'Object Repository/Product details/h1_productName' is: 'X-LARGE COMFORTER BAG W/NON-WOVEN SIDES - 26" X 29" X 10" - 12/PACK - GREEN'

2022-01-17 13:09:12 - [MESSAGE][PASSED] - Attribute 'value' of object 'Object Repository/Product details/input_productQuantity' is: '5'

2022-01-17 13:09:12 - [MESSAGE][PASSED] - Text of object 'Object Repository/Product details/span_skuNumber' is: 'COMF26GN'

2022-01-17 13:09:13 - [MESSAGE][PASSED] - Text of object 'Object Repository/Product details/span_productPrice' is: '$14.52'

2022-01-17 13:09:14 - [MESSAGE][PASSED] - Object: 'Object Repository/Product details/button_addToCart' is clicked on

2022-01-17 13:09:14 - [TEST_STEP][PASSED] - MiniCartHelpers.hoverOnMiniCartHeader(): Text of object 'Object Repository/Mini Cart/span_cartCounterPadge' is: '1'

2022-01-17 13:09:15 - [MESSAGE][PASSED] - Object: 'Object Repository/Mini Cart/a_miniCartLink' is hovered

2022-01-17 13:09:15 - [MESSAGE][PASSED] - Get CSS 'background-color' value on 'Object Repository/Mini Cart/a_miniCartLink' successfully: 'rgb(255, 255, 255)'.

2022-01-17 13:09:16 - [MESSAGE][PASSED] - Get CSS 'color' value on 'Object Repository/Mini Cart/a_miniCartLink' successfully: 'rgb(82, 36, 127)'.

2022-01-17 13:09:17 - [MESSAGE][PASSED] - Text of object 'Object Repository/Mini Cart/span_miniCartSubTotal' is: '$72.60'

2022-01-17 13:09:18 - [MESSAGE][PASSED] - Text of object 'Object Repository/Mini Cart/span_cartCounterPadge' is: '1'

2022-01-17 13:09:19 - [TEST_STEP][FAILED] - ProductDetailsHelpers.hoverEffectAndClickLargeSizeLink(): Unable to move mouse over object 'Object Repository/Product details/h2_descHeader' (Root cause: com.kms.katalon.core.exception.StepFailedException: Unable to move mouse over object 'Object Repository/Product details/h2_descHeader'
	at com.kms.katalon.core.webui.keyword.internal.WebUIKeywordMain.stepFailed(WebUIKeywordMain.groovy:64)
	at com.kms.katalon.core.webui.keyword.internal.WebUIKeywordMain.runKeyword(WebUIKeywordMain.groovy:26)
	at com.kms.katalon.core.webui.keyword.builtin.MouseOverKeyword.mouseOver(MouseOverKeyword.groovy:66)
	at com.kms.katalon.core.webui.keyword.builtin.MouseOverKeyword.execute(MouseOverKeyword.groovy:40)
	at com.kms.katalon.core.keyword.internal.KeywordExecutor.executeKeywordForPlatform(KeywordExecutor.groovy:74)
	at com.kms.katalon.core.webui.keyword.WebUiBuiltInKeywords.mouseOver(WebUiBuiltInKeywords.groovy:806)
	at com.kms.katalon.core.webui.keyword.WebUiBuiltInKeywords$mouseOver$16.call(Unknown Source)
	at helpers.ProductDetailsHelpers.hoverEffectAndClickLargeSizeLink(ProductDetailsHelpers.groovy:85)
	at helpers.ProductDetailsHelpers$hoverEffectAndClickLargeSizeLink$3.call(Unknown Source)
	at Product Details.run(Product Details:51)
	at com.kms.katalon.core.main.ScriptEngine.run(ScriptEngine.java:194)
	at com.kms.katalon.core.main.ScriptEngine.runScriptAsRawText(ScriptEngine.java:119)
	at com.kms.katalon.core.main.TestCaseExecutor.runScript(TestCaseExecutor.java:442)
	at com.kms.katalon.core.main.TestCaseExecutor.doExecute(TestCaseExecutor.java:433)
	at com.kms.katalon.core.main.TestCaseExecutor.processExecutionPhase(TestCaseExecutor.java:412)
	at com.kms.katalon.core.main.TestCaseExecutor.accessMainPhase(TestCaseExecutor.java:404)
	at com.kms.katalon.core.main.TestCaseExecutor.execute(TestCaseExecutor.java:281)
	at com.kms.katalon.core.main.TestSuiteExecutor.accessTestCaseMainPhase(TestSuiteExecutor.java:202)
	at com.kms.katalon.core.main.TestSuiteExecutor.accessTestSuiteMainPhase(TestSuiteExecutor.java:164)
	at com.kms.katalon.core.main.TestSuiteExecutor.execute(TestSuiteExecutor.java:105)
	at com.kms.katalon.core.main.TestCaseMain.startTestSuite(TestCaseMain.java:181)
	at com.kms.katalon.core.main.TestCaseMain$startTestSuite$0.call(Unknown Source)
	at TempTestSuite1642416912407.run(TempTestSuite1642416912407.groovy:36)
Caused by: org.openqa.selenium.interactions.MoveTargetOutOfBoundsException: (324, 850) is out of bounds of viewport width (1440) and height (730)
Build info: version: '3.141.59', revision: 'e82be7d358', time: '2018-11-14T08:25:53'
System info: host: 'Waleeds-MacBook-Pro.local', ip: 'fe80:0:0:0:1c5b:3086:5fdd:953c%en0', os.name: 'Mac OS X', os.arch: 'x86_64', os.version: '10.16', java.version: '1.8.0_275'
Driver info: com.kms.katalon.core.webui.driver.firefox.CGeckoDriver
Capabilities {acceptInsecureCerts: true, browserName: firefox, browserVersion: 95.0, javascriptEnabled: true, moz:accessibilityChecks: false, moz:buildID: 20211129150630, moz:geckodriverVersion: 0.30.0, moz:headless: false, moz:processID: 11198, moz:profile: /var/folders/d1/nclsdd393_x..., moz:shutdownTimeout: 60000, moz:useNonSpecCompliantPointerOrigin: false, moz:webdriverClick: true, pageLoadStrategy: normal, platform: MAC, platformName: MAC, platformVersion: 21.2.0, proxy: Proxy(direct), setWindowRect: true, strictFileInteractability: false, timeouts: {implicit: 0, pageLoad: 300000, script: 30000}, unhandledPromptBehavior: dismiss and notify}
Session ID: dfab2145-061f-4edb-985c-1d9528419fee
	at org.openqa.selenium.remote.http.W3CHttpResponseCodec.createException(W3CHttpResponseCodec.java:187)
	at org.openqa.selenium.remote.http.W3CHttpResponseCodec.decode(W3CHttpResponseCodec.java:122)
	at org.openqa.selenium.remote.http.W3CHttpResponseCodec.decode(W3CHttpResponseCodec.java:49)
	at org.openqa.selenium.remote.HttpCommandExecutor.execute(HttpCommandExecutor.java:158)
	at org.openqa.selenium.remote.service.DriverCommandExecutor.execute(DriverCommandExecutor.java:83)
	at org.openqa.selenium.remote.RemoteWebDriver.execute(RemoteWebDriver.java:552)
	at com.kms.katalon.selenium.driver.CFirefoxDriver.execute(CFirefoxDriver.java:27)
	at org.openqa.selenium.remote.RemoteWebDriver.perform(RemoteWebDriver.java:618)
	at org.openqa.selenium.support.events.EventFiringWebDriver.lambda$new$1(EventFiringWebDriver.java:105)
	at com.sun.proxy.$Proxy10.perform(Unknown Source)
	at org.openqa.selenium.support.events.EventFiringWebDriver.perform(EventFiringWebDriver.java:360)
	at org.openqa.selenium.interactions.Actions$BuiltAction.perform(Actions.java:639)
	at org.openqa.selenium.interactions.Actions.perform(Actions.java:595)
	at com.kms.katalon.core.webui.keyword.builtin.MouseOverKeyword$_mouseOver_closure1.doCall(MouseOverKeyword.groovy:59)
	at com.kms.katalon.core.webui.keyword.builtin.MouseOverKeyword$_mouseOver_closure1.call(MouseOverKeyword.groovy)
	at com.kms.katalon.core.webui.keyword.internal.WebUIKeywordMain.runKeyword(WebUIKeywordMain.groovy:20)
	at com.kms.katalon.core.webui.keyword.builtin.MouseOverKeyword.mouseOver(MouseOverKeyword.groovy:66)
	at com.kms.katalon.core.webui.keyword.builtin.MouseOverKeyword.execute(MouseOverKeyword.groovy:40)
	at com.kms.katalon.core.keyword.internal.KeywordExecutor.executeKeywordForPlatform(KeywordExecutor.groovy:74)
	at com.kms.katalon.core.webui.keyword.WebUiBuiltInKeywords.mouseOver(WebUiBuiltInKeywords.groovy:806)
	at com.kms.katalon.core.webui.keyword.WebUiBuiltInKeywords$mouseOver$16.call(Unknown Source)
	at helpers.ProductDetailsHelpers.hoverEffectAndClickLargeSizeLink(ProductDetailsHelpers.groovy:85)
	at helpers.ProductDetailsHelpers$hoverEffectAndClickLargeSizeLink$3.call(Unknown Source)
	at Script1641903262768.run(Script1641903262768.groovy:51)
	... 13 more
)

2022-01-17 13:09:20 - [MESSAGE][FAILED] - Unable to move mouse over object 'Object Repository/Product details/h2_descHeader' (Root cause: com.kms.katalon.core.exception.StepFailedException: Unable to move mouse over object 'Object Repository/Product details/h2_descHeader'
	at com.kms.katalon.core.webui.keyword.internal.WebUIKeywordMain.stepFailed(WebUIKeywordMain.groovy:64)
	at com.kms.katalon.core.webui.keyword.internal.WebUIKeywordMain.runKeyword(WebUIKeywordMain.groovy:26)
	at com.kms.katalon.core.webui.keyword.builtin.MouseOverKeyword.mouseOver(MouseOverKeyword.groovy:66)
	at com.kms.katalon.core.webui.keyword.builtin.MouseOverKeyword.execute(MouseOverKeyword.groovy:40)
	at com.kms.katalon.core.keyword.internal.KeywordExecutor.executeKeywordForPlatform(KeywordExecutor.groovy:74)
	at com.kms.katalon.core.webui.keyword.WebUiBuiltInKeywords.mouseOver(WebUiBuiltInKeywords.groovy:806)
	at com.kms.katalon.core.webui.keyword.WebUiBuiltInKeywords$mouseOver$16.call(Unknown Source)
	at helpers.ProductDetailsHelpers.hoverEffectAndClickLargeSizeLink(ProductDetailsHelpers.groovy:85)
	at helpers.ProductDetailsHelpers$hoverEffectAndClickLargeSizeLink$3.call(Unknown Source)
	at Product Details.run(Product Details:51)
	at com.kms.katalon.core.main.ScriptEngine.run(ScriptEngine.java:194)
	at com.kms.katalon.core.main.ScriptEngine.runScriptAsRawText(ScriptEngine.java:119)
	at com.kms.katalon.core.main.TestCaseExecutor.runScript(TestCaseExecutor.java:442)
	at com.kms.katalon.core.main.TestCaseExecutor.doExecute(TestCaseExecutor.java:433)
	at com.kms.katalon.core.main.TestCaseExecutor.processExecutionPhase(TestCaseExecutor.java:412)
	at com.kms.katalon.core.main.TestCaseExecutor.accessMainPhase(TestCaseExecutor.java:404)
	at com.kms.katalon.core.main.TestCaseExecutor.execute(TestCaseExecutor.java:281)
	at com.kms.katalon.core.main.TestSuiteExecutor.accessTestCaseMainPhase(TestSuiteExecutor.java:202)
	at com.kms.katalon.core.main.TestSuiteExecutor.accessTestSuiteMainPhase(TestSuiteExecutor.java:164)
	at com.kms.katalon.core.main.TestSuiteExecutor.execute(TestSuiteExecutor.java:105)
	at com.kms.katalon.core.main.TestCaseMain.startTestSuite(TestCaseMain.java:181)
	at com.kms.katalon.core.main.TestCaseMain$startTestSuite$0.call(Unknown Source)
	at TempTestSuite1642416912407.run(TempTestSuite1642416912407.groovy:36)
Caused by: org.openqa.selenium.interactions.MoveTargetOutOfBoundsException: (324, 850) is out of bounds of viewport width (1440) and height (730)
Build info: version: '3.141.59', revision: 'e82be7d358', time: '2018-11-14T08:25:53'
System info: host: 'Waleeds-MacBook-Pro.local', ip: 'fe80:0:0:0:1c5b:3086:5fdd:953c%en0', os.name: 'Mac OS X', os.arch: 'x86_64', os.version: '10.16', java.version: '1.8.0_275'
Driver info: com.kms.katalon.core.webui.driver.firefox.CGeckoDriver
Capabilities {acceptInsecureCerts: true, browserName: firefox, browserVersion: 95.0, javascriptEnabled: true, moz:accessibilityChecks: false, moz:buildID: 20211129150630, moz:geckodriverVersion: 0.30.0, moz:headless: false, moz:processID: 11198, moz:profile: /var/folders/d1/nclsdd393_x..., moz:shutdownTimeout: 60000, moz:useNonSpecCompliantPointerOrigin: false, moz:webdriverClick: true, pageLoadStrategy: normal, platform: MAC, platformName: MAC, platformVersion: 21.2.0, proxy: Proxy(direct), setWindowRect: true, strictFileInteractability: false, timeouts: {implicit: 0, pageLoad: 300000, script: 30000}, unhandledPromptBehavior: dismiss and notify}
Session ID: dfab2145-061f-4edb-985c-1d9528419fee
	at org.openqa.selenium.remote.http.W3CHttpResponseCodec.createException(W3CHttpResponseCodec.java:187)
	at org.openqa.selenium.remote.http.W3CHttpResponseCodec.decode(W3CHttpResponseCodec.java:122)
	at org.openqa.selenium.remote.http.W3CHttpResponseCodec.decode(W3CHttpResponseCodec.java:49)
	at org.openqa.selenium.remote.HttpCommandExecutor.execute(HttpCommandExecutor.java:158)
	at org.openqa.selenium.remote.service.DriverCommandExecutor.execute(DriverCommandExecutor.java:83)
	at org.openqa.selenium.remote.RemoteWebDriver.execute(RemoteWebDriver.java:552)
	at com.kms.katalon.selenium.driver.CFirefoxDriver.execute(CFirefoxDriver.java:27)
	at org.openqa.selenium.remote.RemoteWebDriver.perform(RemoteWebDriver.java:618)
	at org.openqa.selenium.support.events.EventFiringWebDriver.lambda$new$1(EventFiringWebDriver.java:105)
	at com.sun.proxy.$Proxy10.perform(Unknown Source)
	at org.openqa.selenium.support.events.EventFiringWebDriver.perform(EventFiringWebDriver.java:360)
	at org.openqa.selenium.interactions.Actions$BuiltAction.perform(Actions.java:639)
	at org.openqa.selenium.interactions.Actions.perform(Actions.java:595)
	at com.kms.katalon.core.webui.keyword.builtin.MouseOverKeyword$_mouseOver_closure1.doCall(MouseOverKeyword.groovy:59)
	at com.kms.katalon.core.webui.keyword.builtin.MouseOverKeyword$_mouseOver_closure1.call(MouseOverKeyword.groovy)
	at com.kms.katalon.core.webui.keyword.internal.WebUIKeywordMain.runKeyword(WebUIKeywordMain.groovy:20)
	at com.kms.katalon.core.webui.keyword.builtin.MouseOverKeyword.mouseOver(MouseOverKeyword.groovy:66)
	at com.kms.katalon.core.webui.keyword.builtin.MouseOverKeyword.execute(MouseOverKeyword.groovy:40)
	at com.kms.katalon.core.keyword.internal.KeywordExecutor.executeKeywordForPlatform(KeywordExecutor.groovy:74)
	at com.kms.katalon.core.webui.keyword.WebUiBuiltInKeywords.mouseOver(WebUiBuiltInKeywords.groovy:806)
	at com.kms.katalon.core.webui.keyword.WebUiBuiltInKeywords$mouseOver$16.call(Unknown Source)
	at helpers.ProductDetailsHelpers.hoverEffectAndClickLargeSizeLink(ProductDetailsHelpers.groovy:85)
	at helpers.ProductDetailsHelpers$hoverEffectAndClickLargeSizeLink$3.call(Unknown Source)
	at Script1641903262768.run(Script1641903262768.groovy:51)
	... 13 more
)
[[ATTACHMENT|/Users/waleedafifi/Desktop/development/fixProj/cleanersupply/Reports/20220117_125503/Checkout/20220117_125512/1642417759796.png]]

2022-01-17 13:09:20 - [TEST_STEP][PASSED] - Video: Video recording for test case 'Test Cases/Checkout Scenario/Product Details' .

2022-01-17 13:09:20 - [MESSAGE][INFO] - Video recording for test case 'Test Cases/Checkout Scenario/Product Details' .]]></system-out>
         <system-err><![CDATA[2022-01-17 13:08:05 - [TEST_CASE][FAILED] - Test Cases/Checkout Scenario/Product Details: Test Cases/Checkout Scenario/Product Details FAILED.
Reason:
com.kms.katalon.core.exception.StepFailedException: Unable to move mouse over object 'Object Repository/Product details/h2_descHeader'
	at com.kms.katalon.core.webui.keyword.internal.WebUIKeywordMain.stepFailed(WebUIKeywordMain.groovy:64)
	at com.kms.katalon.core.webui.keyword.internal.WebUIKeywordMain.runKeyword(WebUIKeywordMain.groovy:26)
	at com.kms.katalon.core.webui.keyword.builtin.MouseOverKeyword.mouseOver(MouseOverKeyword.groovy:66)
	at com.kms.katalon.core.webui.keyword.builtin.MouseOverKeyword.execute(MouseOverKeyword.groovy:40)
	at com.kms.katalon.core.keyword.internal.KeywordExecutor.executeKeywordForPlatform(KeywordExecutor.groovy:74)
	at com.kms.katalon.core.webui.keyword.WebUiBuiltInKeywords.mouseOver(WebUiBuiltInKeywords.groovy:806)
	at com.kms.katalon.core.webui.keyword.WebUiBuiltInKeywords$mouseOver$16.call(Unknown Source)
	at helpers.ProductDetailsHelpers.hoverEffectAndClickLargeSizeLink(ProductDetailsHelpers.groovy:85)
	at helpers.ProductDetailsHelpers$hoverEffectAndClickLargeSizeLink$3.call(Unknown Source)
	at Product Details.run(Product Details:51)
	at com.kms.katalon.core.main.ScriptEngine.run(ScriptEngine.java:194)
	at com.kms.katalon.core.main.ScriptEngine.runScriptAsRawText(ScriptEngine.java:119)
	at com.kms.katalon.core.main.TestCaseExecutor.runScript(TestCaseExecutor.java:442)
	at com.kms.katalon.core.main.TestCaseExecutor.doExecute(TestCaseExecutor.java:433)
	at com.kms.katalon.core.main.TestCaseExecutor.processExecutionPhase(TestCaseExecutor.java:412)
	at com.kms.katalon.core.main.TestCaseExecutor.accessMainPhase(TestCaseExecutor.java:404)
	at com.kms.katalon.core.main.TestCaseExecutor.execute(TestCaseExecutor.java:281)
	at com.kms.katalon.core.main.TestSuiteExecutor.accessTestCaseMainPhase(TestSuiteExecutor.java:202)
	at com.kms.katalon.core.main.TestSuiteExecutor.accessTestSuiteMainPhase(TestSuiteExecutor.java:164)
	at com.kms.katalon.core.main.TestSuiteExecutor.execute(TestSuiteExecutor.java:105)
	at com.kms.katalon.core.main.TestCaseMain.startTestSuite(TestCaseMain.java:181)
	at com.kms.katalon.core.main.TestCaseMain$startTestSuite$0.call(Unknown Source)
	at TempTestSuite1642416912407.run(TempTestSuite1642416912407.groovy:36)
Caused by: org.openqa.selenium.interactions.MoveTargetOutOfBoundsException: (324, 850) is out of bounds of viewport width (1440) and height (730)
Build info: version: '3.141.59', revision: 'e82be7d358', time: '2018-11-14T08:25:53'
System info: host: 'Waleeds-MacBook-Pro.local', ip: 'fe80:0:0:0:1c5b:3086:5fdd:953c%en0', os.name: 'Mac OS X', os.arch: 'x86_64', os.version: '10.16', java.version: '1.8.0_275'
Driver info: com.kms.katalon.core.webui.driver.firefox.CGeckoDriver
Capabilities {acceptInsecureCerts: true, browserName: firefox, browserVersion: 95.0, javascriptEnabled: true, moz:accessibilityChecks: false, moz:buildID: 20211129150630, moz:geckodriverVersion: 0.30.0, moz:headless: false, moz:processID: 11198, moz:profile: /var/folders/d1/nclsdd393_x..., moz:shutdownTimeout: 60000, moz:useNonSpecCompliantPointerOrigin: false, moz:webdriverClick: true, pageLoadStrategy: normal, platform: MAC, platformName: MAC, platformVersion: 21.2.0, proxy: Proxy(direct), setWindowRect: true, strictFileInteractability: false, timeouts: {implicit: 0, pageLoad: 300000, script: 30000}, unhandledPromptBehavior: dismiss and notify}
Session ID: dfab2145-061f-4edb-985c-1d9528419fee
	at org.openqa.selenium.remote.http.W3CHttpResponseCodec.createException(W3CHttpResponseCodec.java:187)
	at org.openqa.selenium.remote.http.W3CHttpResponseCodec.decode(W3CHttpResponseCodec.java:122)
	at org.openqa.selenium.remote.http.W3CHttpResponseCodec.decode(W3CHttpResponseCodec.java:49)
	at org.openqa.selenium.remote.HttpCommandExecutor.execute(HttpCommandExecutor.java:158)
	at org.openqa.selenium.remote.service.DriverCommandExecutor.execute(DriverCommandExecutor.java:83)
	at org.openqa.selenium.remote.RemoteWebDriver.execute(RemoteWebDriver.java:552)
	at com.kms.katalon.selenium.driver.CFirefoxDriver.execute(CFirefoxDriver.java:27)
	at org.openqa.selenium.remote.RemoteWebDriver.perform(RemoteWebDriver.java:618)
	at org.openqa.selenium.support.events.EventFiringWebDriver.lambda$new$1(EventFiringWebDriver.java:105)
	at com.sun.proxy.$Proxy10.perform(Unknown Source)
	at org.openqa.selenium.support.events.EventFiringWebDriver.perform(EventFiringWebDriver.java:360)
	at org.openqa.selenium.interactions.Actions$BuiltAction.perform(Actions.java:639)
	at org.openqa.selenium.interactions.Actions.perform(Actions.java:595)
	at com.kms.katalon.core.webui.keyword.builtin.MouseOverKeyword$_mouseOver_closure1.doCall(MouseOverKeyword.groovy:59)
	at com.kms.katalon.core.webui.keyword.builtin.MouseOverKeyword$_mouseOver_closure1.call(MouseOverKeyword.groovy)
	at com.kms.katalon.core.webui.keyword.internal.WebUIKeywordMain.runKeyword(WebUIKeywordMain.groovy:20)
	... 21 more]]></system-err>
      </testcase>
      <testcase name="Test Cases/Checkout Scenario/Category" time="92.992" classname="Test Cases/Checkout Scenario/Category" status="PASSED">
         <system-out><![CDATA[2022-01-17 13:09:20 - [TEST_CASE][PASSED] - Test Cases/Checkout Scenario/Category: Test Cases/Checkout Scenario/Category

2022-01-17 13:09:20 - [TEST_STEP][PASSED] - GeneralHelpers.initScenario(): Current window's url is: 'https://www.cleanersupply.com/'

2022-01-17 13:09:20 - [MESSAGE][WARNING] - A browser is already opened. Closing browser and opening a new one

2022-01-17 13:09:21 - [MESSAGE][INFO] - Starting 'Firefox' driver

2022-01-17 13:09:21 - [MESSAGE][INFO] - Action delay is set to 0 milliseconds

2022-01-17 13:09:25 - [MESSAGE][PASSED] - Browser is opened with url: ''

2022-01-17 13:09:25 - [MESSAGE][PASSED] - Current window maximized

2022-01-17 13:09:32 - [MESSAGE][PASSED] - Navigate to 'https://www.cleanersupply.com/' successfully

2022-01-17 13:09:32 - [MESSAGE][PASSED] - Wait for page load successfully

2022-01-17 13:09:32 - [MESSAGE][PASSED] - Current window's title is: 'Cleaner's Supply - Dry Cleaning Supplies'

2022-01-17 13:09:32 - [MESSAGE][PASSED] - Current window's title is: 'Cleaner's Supply - Dry Cleaning Supplies'

2022-01-17 13:09:32 - [MESSAGE][PASSED] - Current window's url is: 'https://www.cleanersupply.com/'

2022-01-17 13:09:32 - [TEST_STEP][PASSED] - computerRegister = "Object Repository/Category/a_ComputerRegister": null

2022-01-17 13:09:32 - [TEST_STEP][PASSED] - CategoryScActions.hovertags(): Object: 'Object Repository/Category/a_tags' is hovered

2022-01-17 13:09:34 - [MESSAGE][PASSED] - Object: 'Object Repository/Category/a_tags' is hovered

2022-01-17 13:09:34 - [TEST_STEP][PASSED] - tags = "Object Repository/Category/a_tags": null

2022-01-17 13:09:34 - [TEST_STEP][PASSED] - CategoryValidations.checkanchorHoverColorBackground(tags, moveColr, whiteColor): Get CSS 'background-color' value on 'Object Repository/Category/a_tags' successfully: 'rgb(255, 255, 255)'.

2022-01-17 13:09:34 - [MESSAGE][PASSED] - Get CSS 'color' value on 'Object Repository/Category/a_tags' successfully: 'rgb(82, 36, 127)'.

2022-01-17 13:09:35 - [MESSAGE][PASSED] - Get CSS 'background-color' value on 'Object Repository/Category/a_tags' successfully: 'rgb(255, 255, 255)'.

2022-01-17 13:09:35 - [TEST_STEP][PASSED] - CategoryValidations.checkHoverFlyMenuVisibility(): Attribute 'class' of object 'Object Repository/Category/ul_flyMenu' is: 'nav navbar-nav navbar-left open-desktop'

2022-01-17 13:09:35 - [MESSAGE][PASSED] - Object 'Object Repository/Category/ul_flyMenu' is visible

2022-01-17 13:09:35 - [MESSAGE][PASSED] - Attribute 'class' of object 'Object Repository/Category/ul_flyMenu' is: 'nav navbar-nav navbar-left open-desktop'

2022-01-17 13:09:35 - [TEST_STEP][PASSED] - CategorySCHelpers.navigateComputerRegister(): Current window's title is: 'Computer & Register - Cleaner's Supply'

2022-01-17 13:09:36 - [MESSAGE][PASSED] - Object: 'Object Repository/Category/a_ComputerRegister' is hovered

2022-01-17 13:09:36 - [MESSAGE][PASSED] - Get CSS 'color' value on 'Object Repository/Category/a_ComputerRegister' successfully: 'rgb(82, 36, 127)'.

2022-01-17 13:09:36 - [MESSAGE][PASSED] - Get CSS 'text-transform' value on 'Object Repository/Category/a_ComputerRegister' successfully: 'uppercase'.

2022-01-17 13:09:39 - [MESSAGE][PASSED] - Object: 'Object Repository/Category/a_ComputerRegister' is clicked on

2022-01-17 13:09:39 - [MESSAGE][PASSED] - Current window's url is: 'https://www.cleanersupply.com/Tags-Forms/Computer-Register/'

2022-01-17 13:09:39 - [MESSAGE][PASSED] - Current window's title is: 'Computer & Register - Cleaner's Supply'

2022-01-17 13:09:39 - [TEST_STEP][PASSED] - CategoryValidations.validatespanText(computerRegisterspan): Text of object 'Object Repository/Category/span_omputerRegister' is: 'COMPUTER & REGISTER TAGS & FORMS'

2022-01-17 13:09:43 - [MESSAGE][PASSED] - Text of object 'Object Repository/Category/span_omputerRegister' is: 'COMPUTER & REGISTER TAGS & FORMS'

2022-01-17 13:09:43 - [TEST_STEP][PASSED] - CategoryScActions.getDefaultProjectCategoryFilter(expectedProductNum): Text of object 'Object Repository/Category/h2_productNum' is: '74 PRODUCTS'

2022-01-17 13:09:43 - [MESSAGE][PASSED] - Text of object 'Object Repository/Category/h2_productNum' is: '74 PRODUCTS'

2022-01-17 13:09:43 - [TEST_STEP][PASSED] - CategoryScActions.getDefaultValueOfSortBy(sortByDefault): Text of object 'Object Repository/Category/span_featuredDefault' is: 'Featured'

2022-01-17 13:09:44 - [MESSAGE][PASSED] - Text of object 'Object Repository/Category/span_featuredDefault' is: 'Featured'

2022-01-17 13:09:44 - [TEST_STEP][PASSED] - CategoryScActions.getDefaultManufacturar(manufacturarDefault): Text of object 'Object Repository/Category/span_manuDefault' is: 'Manufacturer'

2022-01-17 13:09:44 - [MESSAGE][PASSED] - Text of object 'Object Repository/Category/span_manuDefault' is: 'Manufacturer'

2022-01-17 13:09:44 - [TEST_STEP][PASSED] - CategoryScActions.getDefaultModal(defaultmodal): Text of object 'Object Repository/Category/span_defaultFilterModal' is: 'Model #'

2022-01-17 13:09:44 - [MESSAGE][PASSED] - Text of object 'Object Repository/Category/span_defaultFilterModal' is: 'Model #'

2022-01-17 13:09:44 - [TEST_STEP][PASSED] - CategoryScActions.clickOnManuWithassertOPened(menuExpandValue): Attribute 'aria-expanded' of object 'Object Repository/Category/sp001Casiprodoct/ul_manufature' is: 'true'

2022-01-17 13:09:45 - [MESSAGE][PASSED] - Object: 'Object Repository/Category/span_manuDefault' is clicked on

2022-01-17 13:09:45 - [MESSAGE][PASSED] - Attribute 'aria-expanded' of object 'Object Repository/Category/sp001Casiprodoct/ul_manufature' is: 'true'

2022-01-17 13:09:45 - [TEST_STEP][PASSED] - CategorySCHelpers.selectCasioManufacturar(): Text of object 'Object Repository/Category/h2_productNum' is: '2 PRODUCTS'

2022-01-17 13:09:46 - [MESSAGE][PASSED] - Object: 'Object Repository/Category/a_casio' is clicked on

2022-01-17 13:09:47 - [MESSAGE][PASSED] - Attribute 'title' of object 'Object Repository/Category/button_afterSelectCasio' is: 'Casio'

2022-01-17 13:09:47 - [MESSAGE][PASSED] - Text of object 'Object Repository/Category/a_casioSelectedFilter' is: 'Casio'

2022-01-17 13:09:47 - [MESSAGE][PASSED] - Text of object 'Object Repository/Category/h2_productNum' is: '2 PRODUCTS'

2022-01-17 13:09:47 - [TEST_STEP][PASSED] - CategorySCHelpers.selectModalsp1000(): Text of object 'Object Repository/Category/A_SP001selectedFilter' is: 'SP1000'

2022-01-17 13:09:48 - [MESSAGE][PASSED] - Object 'Object Repository/Category/div_collabse1' has attribute 'aria-expanded' with value 'true'

2022-01-17 13:09:48 - [MESSAGE][PASSED] - Object: 'Object Repository/Category/button_modalNum' is clicked on

2022-01-17 13:09:49 - [MESSAGE][PASSED] - Object: 'Object Repository/Category/a_sp001' is clicked on

2022-01-17 13:09:50 - [MESSAGE][PASSED] - Attribute 'title' of object 'Object Repository/Category/a_sp001' is: ''

2022-01-17 13:09:50 - [MESSAGE][PASSED] - Text of object 'Object Repository/Category/A_SP001selectedFilter' is: 'SP1000'

2022-01-17 13:09:50 - [TEST_STEP][PASSED] - CategorySCHelpers.EnterCasioSP1000Product(): Object: 'Object Repository/Category/sp001Casiprodoct/a_product' is clicked on

2022-01-17 13:09:50 - [MESSAGE][PASSED] - Text of object 'Object Repository/Category/sp001Casiprodoct/h2_sp1000CasioTitle' is: 'EPSON PRINTER INDELIBOND INK RIBBONS #TM290, ERC27 - 6/BOX'

2022-01-17 13:09:50 - [MESSAGE][PASSED] - Actual object 'EPSON PRINTER INDELIBOND INK RIBBONS #TM290, ERC27 - 6/BOX' and expected object 'EPSON PRINTER INDELIBOND INK RIBBONS #TM290, ERC27 - 6/BOX' are equal

2022-01-17 13:09:51 - [MESSAGE][PASSED] - Text of object 'Object Repository/Category/sp001Casiprodoct/span_SP1000CasioProductMinPrice' is: '$15.54'

2022-01-17 13:09:51 - [MESSAGE][PASSED] - Actual object '$15.54' and expected object '$15.54' are equal

2022-01-17 13:09:51 - [MESSAGE][PASSED] - Text of object 'Object Repository/Category/sp001Casiprodoct/span_sp1000CasioProductMaxPrice' is: '$20.94'

2022-01-17 13:09:51 - [MESSAGE][PASSED] - Actual object '$20.94' and expected object '$20.94' are equal

2022-01-17 13:09:54 - [MESSAGE][PASSED] - Object: 'Object Repository/Category/sp001Casiprodoct/a_product' is clicked on

2022-01-17 13:09:54 - [TEST_STEP][PASSED] - CategorySCHelpers.ValidateCasioSP1000ProductDetails(): Actual object 'EPSON PRINTER INDELIBOND INK RIBBONS #TM290, ERC27 - 6/BOX' and expected object 'EPSON PRINTER INDELIBOND INK RIBBONS #TM290, ERC27 - 6/BOX' are equal

2022-01-17 13:09:56 - [MESSAGE][PASSED] - Text of object 'Object Repository/Category/sp1000CasioProductDetails/h1_sp1000CasioProduct' is: 'EPSON PRINTER INDELIBOND INK RIBBONS #TM290, ERC27 - 6/BOX'

2022-01-17 13:09:56 - [MESSAGE][PASSED] - Actual object 'EPSON PRINTER INDELIBOND INK RIBBONS #TM290, ERC27 - 6/BOX' and expected object 'EPSON PRINTER INDELIBOND INK RIBBONS #TM290, ERC27 - 6/BOX' are equal

2022-01-17 13:09:56 - [TEST_STEP][PASSED] - CategorySCHelpers.enterTenItemsFromProduct(): Current window's title is: 'Epson Printer Indelibond Ink Ribbons #TM290, ERC27 - 6/Box - Cleaner's Supply'

2022-01-17 13:09:56 - [MESSAGE][PASSED] - Text of object 'Object Repository/Category/span_badge' is: '0'

2022-01-17 13:09:56 - [MESSAGE][PASSED] - Actual object '0' and expected object '0' are equal

2022-01-17 13:09:57 - [MESSAGE][PASSED] - Text of object 'Object Repository/Category/sp1000CasioProductDetails/input_quantity' is cleared

2022-01-17 13:09:57 - [MESSAGE][PASSED] - Keys 'BACK_SPACE + ' sent to object: 'Object Repository/Category/sp1000CasioProductDetails/input_quantity'

2022-01-17 13:09:58 - [MESSAGE][PASSED] - Text '10' is set on object 'Object Repository/Category/sp1000CasioProductDetails/input_quantity'

2022-01-17 13:09:59 - [MESSAGE][PASSED] - Object: 'Object Repository/Category/sp1000CasioProductDetails/h1_sp1000CasioProduct' is clicked on

2022-01-17 13:09:59 - [MESSAGE][PASSED] - Text of object 'Object Repository/Product details/h1_productName' is: 'EPSON PRINTER INDELIBOND INK RIBBONS #TM290, ERC27 - 6/BOX'

2022-01-17 13:09:59 - [MESSAGE][PASSED] - Attribute 'value' of object 'Object Repository/Product details/input_productQuantity' is: '10'

2022-01-17 13:10:00 - [MESSAGE][PASSED] - Text of object 'Object Repository/Product details/span_skuNumber' is: 'RIB290'

2022-01-17 13:10:00 - [MESSAGE][PASSED] - Text of object 'Object Repository/Product details/span_productPrice' is: '$15.54'

2022-01-17 13:10:00 - [MESSAGE][PASSED] - Object: 'Object Repository/Product details/button_addToCart' is clicked on

2022-01-17 13:10:00 - [MESSAGE][PASSED] - Current window's title is: 'Epson Printer Indelibond Ink Ribbons #TM290, ERC27 - 6/Box - Cleaner's Supply'

2022-01-17 13:10:00 - [TEST_STEP][PASSED] - MiniCartActions.navigateToCartPage(): Object: 'Object Repository/Mini Cart/a_miniCartLink' is clicked on

2022-01-17 13:10:03 - [MESSAGE][PASSED] - Object: 'Object Repository/Mini Cart/a_miniCartLink' is clicked on

2022-01-17 13:10:03 - [TEST_STEP][PASSED] - ShoppingCartHelpers.navigateToCartPage(): Text of object 'Object Repository/Shopping Cart/td_summaryTotalSubTotal' is: '$155.40'

2022-01-17 13:10:06 - [MESSAGE][PASSED] - Text of object 'Object Repository/Mini Cart/span_cartCounterPadge' is: '1'

2022-01-17 13:10:07 - [MESSAGE][PASSED] - Text of object 'Object Repository/Shopping Cart/td_summaryTableItemCount' is: 'SUBTOTAL (1 ITEM)'

2022-01-17 13:10:08 - [MESSAGE][PASSED] - Text of object 'Object Repository/Shopping Cart/td_summaryTableTotal' is: '$155.40'

2022-01-17 13:10:08 - [MESSAGE][PASSED] - Text of object 'Object Repository/Shopping Cart/td_summaryTotalSubTotal' is: '$155.40'

2022-01-17 13:10:09 - [TEST_STEP][PASSED] - ShoppingCartHelpers.navigateToCheckoutPage(): Object: 'Object Repository/Shopping Cart/button_proceedToCheckout' is clicked on

2022-01-17 13:10:10 - [MESSAGE][PASSED] - Object: 'Object Repository/Shopping Cart/a_shoppingCartProductTitle' is hovered

2022-01-17 13:10:10 - [MESSAGE][PASSED] - Get CSS 'background-color' value on 'Object Repository/Shopping Cart/button_proceedToCheckout' successfully: 'rgb(82, 36, 127)'.

2022-01-17 13:10:10 - [MESSAGE][PASSED] - Get CSS 'color' value on 'Object Repository/Shopping Cart/button_proceedToCheckout' successfully: 'rgb(255, 255, 255)'.

2022-01-17 13:10:11 - [MESSAGE][PASSED] - Object: 'Object Repository/Shopping Cart/button_proceedToCheckout' is hovered

2022-01-17 13:10:11 - [MESSAGE][PASSED] - Get CSS 'box-shadow' value on 'Object Repository/Shopping Cart/button_proceedToCheckout' successfully: 'rgba(0, 0, 0, 0.3) 0px 0px 10px 2px'.

2022-01-17 13:10:12 - [MESSAGE][PASSED] - Object: 'Object Repository/Shopping Cart/button_proceedToCheckout' is clicked on

2022-01-17 13:10:12 - [TEST_STEP][PASSED] - CheckoutPageHelpers.initCheckoutPage(): Object 'Object Repository/CheckOut/input_checkoutAsGuestRadioButton' is checked

2022-01-17 13:10:14 - [MESSAGE][PASSED] - Text of object 'Object Repository/CheckOut/span_checkoutTitleTotal' is: '$155.40'

2022-01-17 13:10:14 - [MESSAGE][PASSED] - Text of object 'Object Repository/CheckOut/td_summaryTableTotal' is: '$155.40'

2022-01-17 13:10:15 - [MESSAGE][PASSED] - Text of object 'Object Repository/CheckOut/td_summaryTotalSubTotal' is: '$155.40'

2022-01-17 13:10:15 - [MESSAGE][PASSED] - Text of object 'Object Repository/CheckOut/label_checkoutAsGuest' is: 'Checkout as Guest'

2022-01-17 13:10:15 - [MESSAGE][PASSED] - Object 'Object Repository/CheckOut/input_checkoutAsGuestRadioButton' is checked

2022-01-17 13:10:18 - [TEST_STEP][PASSED] - CheckoutPageHelpers.navigateToCheckoutInformationForm(): Object: 'Object Repository/CheckOut/button_continueButton' is clicked on

2022-01-17 13:10:20 - [MESSAGE][PASSED] - Object: 'Object Repository/CheckOut/button_continueButton' is clicked on

2022-01-17 13:10:20 - [TEST_STEP][PASSED] - checkOutFormHelper.fillCheckOutForm(): Object: 'Object Repository/CheckOutForm/a_reviewOrder' is clicked on

2022-01-17 13:10:20 - [MESSAGE][PASSED] - Current window's title is: 'Checkout - Cleaner's Supply'

2022-01-17 13:10:20 - [MESSAGE][PASSED] - Current window's url is: 'https://www.cleanersupply.com/checkout/'

2022-01-17 13:10:21 - [MESSAGE][PASSED] - Text of object 'Object Repository/CheckOutForm/h1_checkOutHeader' is: 'CHECKOUT'

2022-01-17 13:10:22 - [MESSAGE][PASSED] - Object: 'Object Repository/CheckOutForm/input_company' is focused

2022-01-17 13:10:22 - [MESSAGE][PASSED] - Get CSS 'box-shadow' value on 'Object Repository/CheckOutForm/input_company' successfully: 'rgb(99, 99, 99) 0px -3px 0px 0px inset'.

2022-01-17 13:10:22 - [MESSAGE][PASSED] - Actual object 'rgb(99, 99, 99) 0px -3px 0px 0px inset' and expected object 'rgb(99, 99, 99) 0px -3px 0px 0px inset' are equal

2022-01-17 13:10:23 - [MESSAGE][PASSED] - Text 'testCompany' is set on object 'Object Repository/CheckOutForm/input_company'

2022-01-17 13:10:23 - [MESSAGE][PASSED] - Object: 'Object Repository/CheckOutForm/input_fname' is focused

2022-01-17 13:10:23 - [MESSAGE][PASSED] - Get CSS 'box-shadow' value on 'Object Repository/CheckOutForm/input_fname' successfully: 'rgb(99, 99, 99) 0px -3px 0px 0px inset'.

2022-01-17 13:10:23 - [MESSAGE][PASSED] - Actual object 'rgb(99, 99, 99) 0px -3px 0px 0px inset' and expected object 'rgb(99, 99, 99) 0px -3px 0px 0px inset' are equal

2022-01-17 13:10:24 - [MESSAGE][PASSED] - Text 'FNameTest' is set on object 'Object Repository/CheckOutForm/input_fname'

2022-01-17 13:10:24 - [MESSAGE][PASSED] - Object: 'Object Repository/CheckOutForm/input_lNAme' is focused

2022-01-17 13:10:25 - [MESSAGE][PASSED] - Get CSS 'box-shadow' value on 'Object Repository/CheckOutForm/input_lNAme' successfully: 'rgb(99, 99, 99) 0px -3px 0px 0px inset'.

2022-01-17 13:10:25 - [MESSAGE][PASSED] - Actual object 'rgb(99, 99, 99) 0px -3px 0px 0px inset' and expected object 'rgb(99, 99, 99) 0px -3px 0px 0px inset' are equal

2022-01-17 13:10:26 - [MESSAGE][PASSED] - Text 'lnameValueTest' is set on object 'Object Repository/CheckOutForm/input_lNAme'

2022-01-17 13:10:26 - [MESSAGE][PASSED] - Object: 'Object Repository/CheckOutForm/input_address' is focused

2022-01-17 13:10:27 - [MESSAGE][PASSED] - Get CSS 'box-shadow' value on 'Object Repository/CheckOutForm/input_address' successfully: 'rgb(99, 99, 99) 0px -3px 0px 0px inset'.

2022-01-17 13:10:27 - [MESSAGE][PASSED] - Actual object 'rgb(99, 99, 99) 0px -3px 0px 0px inset' and expected object 'rgb(99, 99, 99) 0px -3px 0px 0px inset' are equal

2022-01-17 13:10:27 - [MESSAGE][PASSED] - Text 'addres1Test' is set on object 'Object Repository/CheckOutForm/input_address'

2022-01-17 13:10:28 - [MESSAGE][PASSED] - Object: 'Object Repository/CheckOutForm/input_address2' is focused

2022-01-17 13:10:28 - [MESSAGE][PASSED] - Get CSS 'box-shadow' value on 'Object Repository/CheckOutForm/input_address2' successfully: 'rgb(99, 99, 99) 0px -3px 0px 0px inset'.

2022-01-17 13:10:28 - [MESSAGE][PASSED] - Actual object 'rgb(99, 99, 99) 0px -3px 0px 0px inset' and expected object 'rgb(99, 99, 99) 0px -3px 0px 0px inset' are equal

2022-01-17 13:10:29 - [MESSAGE][PASSED] - Text 'address2 test' is set on object 'Object Repository/CheckOutForm/input_address2'

2022-01-17 13:10:29 - [MESSAGE][PASSED] - Object: 'Object Repository/CheckOutForm/input_zipCode' is focused

2022-01-17 13:10:30 - [MESSAGE][PASSED] - Get CSS 'box-shadow' value on 'Object Repository/CheckOutForm/input_zipCode' successfully: 'rgb(99, 99, 99) 0px -3px 0px 0px inset'.

2022-01-17 13:10:30 - [MESSAGE][PASSED] - Actual object 'rgb(99, 99, 99) 0px -3px 0px 0px inset' and expected object 'rgb(99, 99, 99) 0px -3px 0px 0px inset' are equal

2022-01-17 13:10:31 - [MESSAGE][PASSED] - Text '55555' is set on object 'Object Repository/CheckOutForm/input_zipCode'

2022-01-17 13:10:31 - [MESSAGE][PASSED] - Object: 'Object Repository/CheckOutForm/input_city' is focused

2022-01-17 13:10:32 - [MESSAGE][PASSED] - Get CSS 'box-shadow' value on 'Object Repository/CheckOutForm/input_city' successfully: 'rgb(99, 99, 99) 0px -3px 0px 0px inset'.

2022-01-17 13:10:32 - [MESSAGE][PASSED] - Actual object 'rgb(99, 99, 99) 0px -3px 0px 0px inset' and expected object 'rgb(99, 99, 99) 0px -3px 0px 0px inset' are equal

2022-01-17 13:10:32 - [MESSAGE][PASSED] - Text 'Palestine' is set on object 'Object Repository/CheckOutForm/input_city'

2022-01-17 13:10:33 - [MESSAGE][PASSED] - Object: 'Object Repository/CheckOutForm/input_phoneNum' is focused

2022-01-17 13:10:33 - [MESSAGE][PASSED] - Get CSS 'box-shadow' value on 'Object Repository/CheckOutForm/input_phoneNum' successfully: 'rgb(99, 99, 99) 0px -3px 0px 0px inset'.

2022-01-17 13:10:33 - [MESSAGE][PASSED] - Actual object 'rgb(99, 99, 99) 0px -3px 0px 0px inset' and expected object 'rgb(99, 99, 99) 0px -3px 0px 0px inset' are equal

2022-01-17 13:10:34 - [MESSAGE][PASSED] - Text '541-143-1030' is set on object 'Object Repository/CheckOutForm/input_phoneNum'

2022-01-17 13:10:34 - [MESSAGE][PASSED] - Object: 'Object Repository/CheckOutForm/input_phoneExt' is focused

2022-01-17 13:10:35 - [MESSAGE][PASSED] - Get CSS 'box-shadow' value on 'Object Repository/CheckOutForm/input_phoneExt' successfully: 'rgb(99, 99, 99) 0px -3px 0px 0px inset'.

2022-01-17 13:10:35 - [MESSAGE][PASSED] - Actual object 'rgb(99, 99, 99) 0px -3px 0px 0px inset' and expected object 'rgb(99, 99, 99) 0px -3px 0px 0px inset' are equal

2022-01-17 13:10:36 - [MESSAGE][PASSED] - Text '1' is set on object 'Object Repository/CheckOutForm/input_phoneExt'

2022-01-17 13:10:37 - [MESSAGE][PASSED] - Object: 'Object Repository/CheckOutForm/input_phoneExt' is focused

2022-01-17 13:10:37 - [MESSAGE][PASSED] - Get CSS 'box-shadow' value on 'Object Repository/CheckOutForm/input_phoneExt' successfully: 'rgb(99, 99, 99) 0px -3px 0px 0px inset'.

2022-01-17 13:10:37 - [MESSAGE][PASSED] - Actual object 'rgb(99, 99, 99) 0px -3px 0px 0px inset' and expected object 'rgb(99, 99, 99) 0px -3px 0px 0px inset' are equal

2022-01-17 13:10:38 - [MESSAGE][PASSED] - Text '1' is set on object 'Object Repository/CheckOutForm/input_phoneExt'

2022-01-17 13:10:38 - [MESSAGE][PASSED] - Object: 'Object Repository/CheckOutForm/input_email' is focused

2022-01-17 13:10:38 - [MESSAGE][PASSED] - Get CSS 'box-shadow' value on 'Object Repository/CheckOutForm/input_email' successfully: 'rgb(99, 99, 99) 0px -3px 0px 0px inset'.

2022-01-17 13:10:38 - [MESSAGE][PASSED] - Actual object 'rgb(99, 99, 99) 0px -3px 0px 0px inset' and expected object 'rgb(99, 99, 99) 0px -3px 0px 0px inset' are equal

2022-01-17 13:10:39 - [MESSAGE][PASSED] - Text 'test@test.com' is set on object 'Object Repository/CheckOutForm/input_email'

2022-01-17 13:10:40 - [MESSAGE][PASSED] - Object: 'Object Repository/CheckOutForm/button_state' is clicked on

2022-01-17 13:10:40 - [MESSAGE][PASSED] - Object 'Object Repository/CheckOutForm/button_state' has attribute 'aria-expanded' with value 'true'

2022-01-17 13:10:41 - [MESSAGE][PASSED] - Object: 'Object Repository/CheckOutForm/a_state' is clicked on

2022-01-17 13:10:43 - [MESSAGE][PASSED] - Text of object 'Object Repository/CheckOutForm/span_selectedState' is: 'Arizona'

2022-01-17 13:10:43 - [MESSAGE][PASSED] - Object: 'Object Repository/CheckOutForm/input_creditCardName' is focused

2022-01-17 13:10:43 - [MESSAGE][PASSED] - Get CSS 'box-shadow' value on 'Object Repository/CheckOutForm/input_creditCardName' successfully: 'rgb(99, 99, 99) 0px -3px 0px 0px inset'.

2022-01-17 13:10:43 - [MESSAGE][PASSED] - Actual object 'rgb(99, 99, 99) 0px -3px 0px 0px inset' and expected object 'rgb(99, 99, 99) 0px -3px 0px 0px inset' are equal

2022-01-17 13:10:44 - [MESSAGE][PASSED] - Text 'Razan' is set on object 'Object Repository/CheckOutForm/input_creditCardName'

2022-01-17 13:10:45 - [MESSAGE][PASSED] - Object: 'Object Repository/CheckOutForm/input_cardNumber' is focused

2022-01-17 13:10:45 - [MESSAGE][PASSED] - Get CSS 'box-shadow' value on 'Object Repository/CheckOutForm/input_cardNumber' successfully: 'rgb(99, 99, 99) 0px -3px 0px 0px inset'.

2022-01-17 13:10:45 - [MESSAGE][PASSED] - Actual object 'rgb(99, 99, 99) 0px -3px 0px 0px inset' and expected object 'rgb(99, 99, 99) 0px -3px 0px 0px inset' are equal

2022-01-17 13:10:45 - [MESSAGE][PASSED] - Text '379936489179273' is set on object 'Object Repository/CheckOutForm/input_cardNumber'

2022-01-17 13:10:46 - [MESSAGE][PASSED] - Object: 'Object Repository/CheckOutForm/input_cvv' is focused

2022-01-17 13:10:46 - [MESSAGE][PASSED] - Get CSS 'box-shadow' value on 'Object Repository/CheckOutForm/input_cvv' successfully: 'rgb(99, 99, 99) 0px -3px 0px 0px inset'.

2022-01-17 13:10:46 - [MESSAGE][PASSED] - Actual object 'rgb(99, 99, 99) 0px -3px 0px 0px inset' and expected object 'rgb(99, 99, 99) 0px -3px 0px 0px inset' are equal

2022-01-17 13:10:47 - [MESSAGE][PASSED] - Text '2222' is set on object 'Object Repository/CheckOutForm/input_cvv'

2022-01-17 13:10:48 - [MESSAGE][PASSED] - Object: 'Object Repository/CheckOutForm/button_expirationDate' is clicked on

2022-01-17 13:10:49 - [MESSAGE][PASSED] - Object: 'Object Repository/CheckOutForm/button_expirationYear' is clicked on

2022-01-17 13:10:50 - [MESSAGE][PASSED] - Object: 'Object Repository/CheckOutForm/input_PO' is focused

2022-01-17 13:10:50 - [MESSAGE][PASSED] - Get CSS 'box-shadow' value on 'Object Repository/CheckOutForm/input_PO' successfully: 'rgb(99, 99, 99) 0px -3px 0px 0px inset'.

2022-01-17 13:10:50 - [MESSAGE][PASSED] - Actual object 'rgb(99, 99, 99) 0px -3px 0px 0px inset' and expected object 'rgb(99, 99, 99) 0px -3px 0px 0px inset' are equal

2022-01-17 13:10:51 - [MESSAGE][PASSED] - Text 'test1155' is set on object 'Object Repository/CheckOutForm/input_PO'

2022-01-17 13:10:52 - [MESSAGE][PASSED] - Text 'test comment' is set on object 'Object Repository/CheckOutForm/input_comments'

2022-01-17 13:10:52 - [MESSAGE][PASSED] - Object: 'Object Repository/CheckOutForm/a_reviewOrder' is clicked on

2022-01-17 13:10:52 - [TEST_STEP][PASSED] - closeBrowser(): Browser is closed

2022-01-17 13:10:53 - [MESSAGE][PASSED] - Browser is closed

2022-01-17 13:10:53 - [TEST_STEP][PASSED] - Video: Video recording for test case 'Test Cases/Checkout Scenario/Category' .

2022-01-17 13:10:53 - [MESSAGE][INFO] - Video recording for test case 'Test Cases/Checkout Scenario/Category' .]]></system-out>
         <system-err><![CDATA[]]></system-err>
      </testcase>
      <testcase name="Test Cases/Checkout Scenario/Quick Order" time="17.247" classname="Test Cases/Checkout Scenario/Quick Order" status="FAILED">
         <failure type="FAILED" message="Test Cases/Checkout Scenario/Quick Order FAILED.
Reason:
Assertion failed: 

assert WebUI.getText(header).toLowerCase().replace(&quot;\n&quot;, &quot; &quot;).equals(pageHeader.toLowerCase())
             |       |       |             |                  |      |          |
             &quot;&quot;      |       &quot;&quot;            &quot;&quot;                 false  |          quick order
                     |                                               Quick Order
                     TestObject - 'Object Repository/Quick Order/span_quickOrderHeader'

	at validation.GeneralValidation.verifyAnyHeading(GeneralValidation.groovy:90)
	at validation.GeneralValidation$verifyAnyHeading$6.call(Unknown Source)
	at helpers.GeneralHelpers.verifyNavigationToPage(GeneralHelpers.groovy:70)
	at helpers.GeneralHelpers$verifyNavigationToPage$2.call(Unknown Source)
	at helpers.QuickOrderHelpers.navigationAndVerifyToQuickOrder(QuickOrderHelpers.groovy:151)
	at helpers.QuickOrderHelpers$navigationAndVerifyToQuickOrder.call(Unknown Source)
	at Quick Order.run(Quick Order:45)
	at com.kms.katalon.core.main.ScriptEngine.run(ScriptEngine.java:194)
	at com.kms.katalon.core.main.ScriptEngine.runScriptAsRawText(ScriptEngine.java:119)
	at com.kms.katalon.core.main.TestCaseExecutor.runScript(TestCaseExecutor.java:442)
	at com.kms.katalon.core.main.TestCaseExecutor.doExecute(TestCaseExecutor.java:433)
	at com.kms.katalon.core.main.TestCaseExecutor.processExecutionPhase(TestCaseExecutor.java:412)
	at com.kms.katalon.core.main.TestCaseExecutor.accessMainPhase(TestCaseExecutor.java:404)
	at com.kms.katalon.core.main.TestCaseExecutor.execute(TestCaseExecutor.java:281)
	at com.kms.katalon.core.main.TestSuiteExecutor.accessTestCaseMainPhase(TestSuiteExecutor.java:202)
	at com.kms.katalon.core.main.TestSuiteExecutor.accessTestSuiteMainPhase(TestSuiteExecutor.java:164)
	at com.kms.katalon.core.main.TestSuiteExecutor.execute(TestSuiteExecutor.java:105)
	at com.kms.katalon.core.main.TestCaseMain.startTestSuite(TestCaseMain.java:181)
	at com.kms.katalon.core.main.TestCaseMain$startTestSuite$0.call(Unknown Source)
	at TempTestSuite1642416912407.run(TempTestSuite1642416912407.groovy:36)
"/>
         <system-out><![CDATA[2022-01-17 13:10:53 - [TEST_CASE][FAILED] - Test Cases/Checkout Scenario/Quick Order: Test Cases/Checkout Scenario/Quick Order FAILED.
Reason:
Assertion failed: 

assert WebUI.getText(header).toLowerCase().replace("\n", " ").equals(pageHeader.toLowerCase())
             |       |       |             |                  |      |          |
             ""      |       ""            ""                 false  |          quick order
                     |                                               Quick Order
                     TestObject - 'Object Repository/Quick Order/span_quickOrderHeader'

	at validation.GeneralValidation.verifyAnyHeading(GeneralValidation.groovy:90)
	at validation.GeneralValidation$verifyAnyHeading$6.call(Unknown Source)
	at helpers.GeneralHelpers.verifyNavigationToPage(GeneralHelpers.groovy:70)
	at helpers.GeneralHelpers$verifyNavigationToPage$2.call(Unknown Source)
	at helpers.QuickOrderHelpers.navigationAndVerifyToQuickOrder(QuickOrderHelpers.groovy:151)
	at helpers.QuickOrderHelpers$navigationAndVerifyToQuickOrder.call(Unknown Source)
	at Quick Order.run(Quick Order:45)
	at com.kms.katalon.core.main.ScriptEngine.run(ScriptEngine.java:194)
	at com.kms.katalon.core.main.ScriptEngine.runScriptAsRawText(ScriptEngine.java:119)
	at com.kms.katalon.core.main.TestCaseExecutor.runScript(TestCaseExecutor.java:442)
	at com.kms.katalon.core.main.TestCaseExecutor.doExecute(TestCaseExecutor.java:433)
	at com.kms.katalon.core.main.TestCaseExecutor.processExecutionPhase(TestCaseExecutor.java:412)
	at com.kms.katalon.core.main.TestCaseExecutor.accessMainPhase(TestCaseExecutor.java:404)
	at com.kms.katalon.core.main.TestCaseExecutor.execute(TestCaseExecutor.java:281)
	at com.kms.katalon.core.main.TestSuiteExecutor.accessTestCaseMainPhase(TestSuiteExecutor.java:202)
	at com.kms.katalon.core.main.TestSuiteExecutor.accessTestSuiteMainPhase(TestSuiteExecutor.java:164)
	at com.kms.katalon.core.main.TestSuiteExecutor.execute(TestSuiteExecutor.java:105)
	at com.kms.katalon.core.main.TestCaseMain.startTestSuite(TestCaseMain.java:181)
	at com.kms.katalon.core.main.TestCaseMain$startTestSuite$0.call(Unknown Source)
	at TempTestSuite1642416912407.run(TempTestSuite1642416912407.groovy:36)


2022-01-17 13:10:53 - [TEST_STEP][PASSED] - GeneralHelpers.initScenario(): Current window's url is: 'https://www.cleanersupply.com/'

2022-01-17 13:10:53 - [MESSAGE][INFO] - Starting 'Firefox' driver

2022-01-17 13:10:53 - [MESSAGE][INFO] - Action delay is set to 0 milliseconds

2022-01-17 13:10:57 - [MESSAGE][PASSED] - Browser is opened with url: ''

2022-01-17 13:10:57 - [MESSAGE][PASSED] - Current window maximized

2022-01-17 13:11:02 - [MESSAGE][PASSED] - Navigate to 'https://www.cleanersupply.com/' successfully

2022-01-17 13:11:02 - [MESSAGE][PASSED] - Wait for page load successfully

2022-01-17 13:11:02 - [MESSAGE][PASSED] - Current window's title is: 'Cleaner's Supply - Dry Cleaning Supplies'

2022-01-17 13:11:02 - [MESSAGE][PASSED] - Current window's title is: 'Cleaner's Supply - Dry Cleaning Supplies'

2022-01-17 13:11:02 - [MESSAGE][PASSED] - Current window's url is: 'https://www.cleanersupply.com/'

2022-01-17 13:11:02 - [TEST_STEP][FAILED] - QuickOrderHelpers.navigationAndVerifyToQuickOrder(): Test Cases/Checkout Scenario/Quick Order FAILED.
Reason:
Assertion failed: 

assert WebUI.getText(header).toLowerCase().replace("\n", " ").equals(pageHeader.toLowerCase())
             |       |       |             |                  |      |          |
             ""      |       ""            ""                 false  |          quick order
                     |                                               Quick Order
                     TestObject - 'Object Repository/Quick Order/span_quickOrderHeader'

	at validation.GeneralValidation.verifyAnyHeading(GeneralValidation.groovy:90)
	at validation.GeneralValidation$verifyAnyHeading$6.call(Unknown Source)
	at helpers.GeneralHelpers.verifyNavigationToPage(GeneralHelpers.groovy:70)
	at helpers.GeneralHelpers$verifyNavigationToPage$2.call(Unknown Source)
	at helpers.QuickOrderHelpers.navigationAndVerifyToQuickOrder(QuickOrderHelpers.groovy:151)
	at helpers.QuickOrderHelpers$navigationAndVerifyToQuickOrder.call(Unknown Source)
	at Quick Order.run(Quick Order:45)
	at com.kms.katalon.core.main.ScriptEngine.run(ScriptEngine.java:194)
	at com.kms.katalon.core.main.ScriptEngine.runScriptAsRawText(ScriptEngine.java:119)
	at com.kms.katalon.core.main.TestCaseExecutor.runScript(TestCaseExecutor.java:442)
	at com.kms.katalon.core.main.TestCaseExecutor.doExecute(TestCaseExecutor.java:433)
	at com.kms.katalon.core.main.TestCaseExecutor.processExecutionPhase(TestCaseExecutor.java:412)
	at com.kms.katalon.core.main.TestCaseExecutor.accessMainPhase(TestCaseExecutor.java:404)
	at com.kms.katalon.core.main.TestCaseExecutor.execute(TestCaseExecutor.java:281)
	at com.kms.katalon.core.main.TestSuiteExecutor.accessTestCaseMainPhase(TestSuiteExecutor.java:202)
	at com.kms.katalon.core.main.TestSuiteExecutor.accessTestSuiteMainPhase(TestSuiteExecutor.java:164)
	at com.kms.katalon.core.main.TestSuiteExecutor.execute(TestSuiteExecutor.java:105)
	at com.kms.katalon.core.main.TestCaseMain.startTestSuite(TestCaseMain.java:181)
	at com.kms.katalon.core.main.TestCaseMain$startTestSuite$0.call(Unknown Source)
	at TempTestSuite1642416912407.run(TempTestSuite1642416912407.groovy:36)


2022-01-17 13:11:04 - [MESSAGE][PASSED] - Object 'Object Repository/Quick Order/a_quickOrder' is visible

2022-01-17 13:11:06 - [MESSAGE][PASSED] - Object: 'Object Repository/Quick Order/a_quickOrder' is hovered

2022-01-17 13:11:06 - [MESSAGE][PASSED] - Get CSS 'color' value on 'Object Repository/Quick Order/i_quickOrderIcon' successfully: 'rgb(82, 36, 127)'.

2022-01-17 13:11:09 - [MESSAGE][PASSED] - Object: 'Object Repository/Quick Order/a_quickOrder' is clicked on

2022-01-17 13:11:09 - [MESSAGE][PASSED] - Current window's title is: 'Quick Order - Cleaner's Supply'

2022-01-17 13:11:09 - [MESSAGE][PASSED] - Current window's url is: 'https://www.cleanersupply.com/quick-order/'

2022-01-17 13:11:10 - [MESSAGE][PASSED] - Text of object 'Object Repository/Quick Order/span_quickOrderHeader' is: ''

2022-01-17 13:11:10 - [MESSAGE][FAILED] - Test Cases/Checkout Scenario/Quick Order FAILED.
Reason:
Assertion failed: 

assert WebUI.getText(header).toLowerCase().replace("\n", " ").equals(pageHeader.toLowerCase())
             |       |       |             |                  |      |          |
             ""      |       ""            ""                 false  |          quick order
                     |                                               Quick Order
                     TestObject - 'Object Repository/Quick Order/span_quickOrderHeader'

	at validation.GeneralValidation.verifyAnyHeading(GeneralValidation.groovy:90)
	at validation.GeneralValidation$verifyAnyHeading$6.call(Unknown Source)
	at helpers.GeneralHelpers.verifyNavigationToPage(GeneralHelpers.groovy:70)
	at helpers.GeneralHelpers$verifyNavigationToPage$2.call(Unknown Source)
	at helpers.QuickOrderHelpers.navigationAndVerifyToQuickOrder(QuickOrderHelpers.groovy:151)
	at helpers.QuickOrderHelpers$navigationAndVerifyToQuickOrder.call(Unknown Source)
	at Quick Order.run(Quick Order:45)
	at com.kms.katalon.core.main.ScriptEngine.run(ScriptEngine.java:194)
	at com.kms.katalon.core.main.ScriptEngine.runScriptAsRawText(ScriptEngine.java:119)
	at com.kms.katalon.core.main.TestCaseExecutor.runScript(TestCaseExecutor.java:442)
	at com.kms.katalon.core.main.TestCaseExecutor.doExecute(TestCaseExecutor.java:433)
	at com.kms.katalon.core.main.TestCaseExecutor.processExecutionPhase(TestCaseExecutor.java:412)
	at com.kms.katalon.core.main.TestCaseExecutor.accessMainPhase(TestCaseExecutor.java:404)
	at com.kms.katalon.core.main.TestCaseExecutor.execute(TestCaseExecutor.java:281)
	at com.kms.katalon.core.main.TestSuiteExecutor.accessTestCaseMainPhase(TestSuiteExecutor.java:202)
	at com.kms.katalon.core.main.TestSuiteExecutor.accessTestSuiteMainPhase(TestSuiteExecutor.java:164)
	at com.kms.katalon.core.main.TestSuiteExecutor.execute(TestSuiteExecutor.java:105)
	at com.kms.katalon.core.main.TestCaseMain.startTestSuite(TestCaseMain.java:181)
	at com.kms.katalon.core.main.TestCaseMain$startTestSuite$0.call(Unknown Source)
	at TempTestSuite1642416912407.run(TempTestSuite1642416912407.groovy:36)


2022-01-17 13:11:10 - [TEST_STEP][PASSED] - Video: Video recording for test case 'Test Cases/Checkout Scenario/Quick Order' .

2022-01-17 13:11:10 - [MESSAGE][INFO] - Video recording for test case 'Test Cases/Checkout Scenario/Quick Order' .]]></system-out>
         <system-err><![CDATA[2022-01-17 13:10:53 - [TEST_CASE][FAILED] - Test Cases/Checkout Scenario/Quick Order: Test Cases/Checkout Scenario/Quick Order FAILED.
Reason:
Assertion failed: 

assert WebUI.getText(header).toLowerCase().replace("\n", " ").equals(pageHeader.toLowerCase())
             |       |       |             |                  |      |          |
             ""      |       ""            ""                 false  |          quick order
                     |                                               Quick Order
                     TestObject - 'Object Repository/Quick Order/span_quickOrderHeader'

	at validation.GeneralValidation.verifyAnyHeading(GeneralValidation.groovy:90)
	at validation.GeneralValidation$verifyAnyHeading$6.call(Unknown Source)
	at helpers.GeneralHelpers.verifyNavigationToPage(GeneralHelpers.groovy:70)
	at helpers.GeneralHelpers$verifyNavigationToPage$2.call(Unknown Source)
	at helpers.QuickOrderHelpers.navigationAndVerifyToQuickOrder(QuickOrderHelpers.groovy:151)
	at helpers.QuickOrderHelpers$navigationAndVerifyToQuickOrder.call(Unknown Source)
	at Quick Order.run(Quick Order:45)
	at com.kms.katalon.core.main.ScriptEngine.run(ScriptEngine.java:194)
	at com.kms.katalon.core.main.ScriptEngine.runScriptAsRawText(ScriptEngine.java:119)
	at com.kms.katalon.core.main.TestCaseExecutor.runScript(TestCaseExecutor.java:442)
	at com.kms.katalon.core.main.TestCaseExecutor.doExecute(TestCaseExecutor.java:433)
	at com.kms.katalon.core.main.TestCaseExecutor.processExecutionPhase(TestCaseExecutor.java:412)
	at com.kms.katalon.core.main.TestCaseExecutor.accessMainPhase(TestCaseExecutor.java:404)
	at com.kms.katalon.core.main.TestCaseExecutor.execute(TestCaseExecutor.java:281)
	at com.kms.katalon.core.main.TestSuiteExecutor.accessTestCaseMainPhase(TestSuiteExecutor.java:202)
	at com.kms.katalon.core.main.TestSuiteExecutor.accessTestSuiteMainPhase(TestSuiteExecutor.java:164)
	at com.kms.katalon.core.main.TestSuiteExecutor.execute(TestSuiteExecutor.java:105)
	at com.kms.katalon.core.main.TestCaseMain.startTestSuite(TestCaseMain.java:181)
	at com.kms.katalon.core.main.TestCaseMain$startTestSuite$0.call(Unknown Source)
	at TempTestSuite1642416912407.run(TempTestSuite1642416912407.groovy:36)]]></system-err>
      </testcase>
      <system-out><![CDATA[2022-01-17 13:08:04 - [TEST_SUITE][FAILED] - Checkout: Test Cases/Checkout Scenario/Product Details FAILED.
Reason:
com.kms.katalon.core.exception.StepFailedException: Unable to move mouse over object 'Object Repository/Product details/h2_descHeader'
	at com.kms.katalon.core.webui.keyword.internal.WebUIKeywordMain.stepFailed(WebUIKeywordMain.groovy:64)
	at com.kms.katalon.core.webui.keyword.internal.WebUIKeywordMain.runKeyword(WebUIKeywordMain.groovy:26)
	at com.kms.katalon.core.webui.keyword.builtin.MouseOverKeyword.mouseOver(MouseOverKeyword.groovy:66)
	at com.kms.katalon.core.webui.keyword.builtin.MouseOverKeyword.execute(MouseOverKeyword.groovy:40)
	at com.kms.katalon.core.keyword.internal.KeywordExecutor.executeKeywordForPlatform(KeywordExecutor.groovy:74)
	at com.kms.katalon.core.webui.keyword.WebUiBuiltInKeywords.mouseOver(WebUiBuiltInKeywords.groovy:806)
	at com.kms.katalon.core.webui.keyword.WebUiBuiltInKeywords$mouseOver$16.call(Unknown Source)
	at helpers.ProductDetailsHelpers.hoverEffectAndClickLargeSizeLink(ProductDetailsHelpers.groovy:85)
	at helpers.ProductDetailsHelpers$hoverEffectAndClickLargeSizeLink$3.call(Unknown Source)
	at Product Details.run(Product Details:51)
	at com.kms.katalon.core.main.ScriptEngine.run(ScriptEngine.java:194)
	at com.kms.katalon.core.main.ScriptEngine.runScriptAsRawText(ScriptEngine.java:119)
	at com.kms.katalon.core.main.TestCaseExecutor.runScript(TestCaseExecutor.java:442)
	at com.kms.katalon.core.main.TestCaseExecutor.doExecute(TestCaseExecutor.java:433)
	at com.kms.katalon.core.main.TestCaseExecutor.processExecutionPhase(TestCaseExecutor.java:412)
	at com.kms.katalon.core.main.TestCaseExecutor.accessMainPhase(TestCaseExecutor.java:404)
	at com.kms.katalon.core.main.TestCaseExecutor.execute(TestCaseExecutor.java:281)
	at com.kms.katalon.core.main.TestSuiteExecutor.accessTestCaseMainPhase(TestSuiteExecutor.java:202)
	at com.kms.katalon.core.main.TestSuiteExecutor.accessTestSuiteMainPhase(TestSuiteExecutor.java:164)
	at com.kms.katalon.core.main.TestSuiteExecutor.execute(TestSuiteExecutor.java:105)
	at com.kms.katalon.core.main.TestCaseMain.startTestSuite(TestCaseMain.java:181)
	at com.kms.katalon.core.main.TestCaseMain$startTestSuite$0.call(Unknown Source)
	at TempTestSuite1642416912407.run(TempTestSuite1642416912407.groovy:36)
Caused by: org.openqa.selenium.interactions.MoveTargetOutOfBoundsException: (324, 850) is out of bounds of viewport width (1440) and height (730)
Build info: version: '3.141.59', revision: 'e82be7d358', time: '2018-11-14T08:25:53'
System info: host: 'Waleeds-MacBook-Pro.local', ip: 'fe80:0:0:0:1c5b:3086:5fdd:953c%en0', os.name: 'Mac OS X', os.arch: 'x86_64', os.version: '10.16', java.version: '1.8.0_275'
Driver info: com.kms.katalon.core.webui.driver.firefox.CGeckoDriver
Capabilities {acceptInsecureCerts: true, browserName: firefox, browserVersion: 95.0, javascriptEnabled: true, moz:accessibilityChecks: false, moz:buildID: 20211129150630, moz:geckodriverVersion: 0.30.0, moz:headless: false, moz:processID: 11198, moz:profile: /var/folders/d1/nclsdd393_x..., moz:shutdownTimeout: 60000, moz:useNonSpecCompliantPointerOrigin: false, moz:webdriverClick: true, pageLoadStrategy: normal, platform: MAC, platformName: MAC, platformVersion: 21.2.0, proxy: Proxy(direct), setWindowRect: true, strictFileInteractability: false, timeouts: {implicit: 0, pageLoad: 300000, script: 30000}, unhandledPromptBehavior: dismiss and notify}
Session ID: dfab2145-061f-4edb-985c-1d9528419fee
	at org.openqa.selenium.remote.http.W3CHttpResponseCodec.createException(W3CHttpResponseCodec.java:187)
	at org.openqa.selenium.remote.http.W3CHttpResponseCodec.decode(W3CHttpResponseCodec.java:122)
	at org.openqa.selenium.remote.http.W3CHttpResponseCodec.decode(W3CHttpResponseCodec.java:49)
	at org.openqa.selenium.remote.HttpCommandExecutor.execute(HttpCommandExecutor.java:158)
	at org.openqa.selenium.remote.service.DriverCommandExecutor.execute(DriverCommandExecutor.java:83)
	at org.openqa.selenium.remote.RemoteWebDriver.execute(RemoteWebDriver.java:552)
	at com.kms.katalon.selenium.driver.CFirefoxDriver.execute(CFirefoxDriver.java:27)
	at org.openqa.selenium.remote.RemoteWebDriver.perform(RemoteWebDriver.java:618)
	at org.openqa.selenium.support.events.EventFiringWebDriver.lambda$new$1(EventFiringWebDriver.java:105)
	at com.sun.proxy.$Proxy10.perform(Unknown Source)
	at org.openqa.selenium.support.events.EventFiringWebDriver.perform(EventFiringWebDriver.java:360)
	at org.openqa.selenium.interactions.Actions$BuiltAction.perform(Actions.java:639)
	at org.openqa.selenium.interactions.Actions.perform(Actions.java:595)
	at com.kms.katalon.core.webui.keyword.builtin.MouseOverKeyword$_mouseOver_closure1.doCall(MouseOverKeyword.groovy:59)
	at com.kms.katalon.core.webui.keyword.builtin.MouseOverKeyword$_mouseOver_closure1.call(MouseOverKeyword.groovy)
	at com.kms.katalon.core.webui.keyword.internal.WebUIKeywordMain.runKeyword(WebUIKeywordMain.groovy:20)
	... 21 more]]></system-out>
      <system-err><![CDATA[2022-01-17 13:08:04 - [TEST_SUITE][FAILED] - Checkout: Test Cases/Checkout Scenario/Product Details FAILED.
Reason:
com.kms.katalon.core.exception.StepFailedException: Unable to move mouse over object 'Object Repository/Product details/h2_descHeader'
	at com.kms.katalon.core.webui.keyword.internal.WebUIKeywordMain.stepFailed(WebUIKeywordMain.groovy:64)
	at com.kms.katalon.core.webui.keyword.internal.WebUIKeywordMain.runKeyword(WebUIKeywordMain.groovy:26)
	at com.kms.katalon.core.webui.keyword.builtin.MouseOverKeyword.mouseOver(MouseOverKeyword.groovy:66)
	at com.kms.katalon.core.webui.keyword.builtin.MouseOverKeyword.execute(MouseOverKeyword.groovy:40)
	at com.kms.katalon.core.keyword.internal.KeywordExecutor.executeKeywordForPlatform(KeywordExecutor.groovy:74)
	at com.kms.katalon.core.webui.keyword.WebUiBuiltInKeywords.mouseOver(WebUiBuiltInKeywords.groovy:806)
	at com.kms.katalon.core.webui.keyword.WebUiBuiltInKeywords$mouseOver$16.call(Unknown Source)
	at helpers.ProductDetailsHelpers.hoverEffectAndClickLargeSizeLink(ProductDetailsHelpers.groovy:85)
	at helpers.ProductDetailsHelpers$hoverEffectAndClickLargeSizeLink$3.call(Unknown Source)
	at Product Details.run(Product Details:51)
	at com.kms.katalon.core.main.ScriptEngine.run(ScriptEngine.java:194)
	at com.kms.katalon.core.main.ScriptEngine.runScriptAsRawText(ScriptEngine.java:119)
	at com.kms.katalon.core.main.TestCaseExecutor.runScript(TestCaseExecutor.java:442)
	at com.kms.katalon.core.main.TestCaseExecutor.doExecute(TestCaseExecutor.java:433)
	at com.kms.katalon.core.main.TestCaseExecutor.processExecutionPhase(TestCaseExecutor.java:412)
	at com.kms.katalon.core.main.TestCaseExecutor.accessMainPhase(TestCaseExecutor.java:404)
	at com.kms.katalon.core.main.TestCaseExecutor.execute(TestCaseExecutor.java:281)
	at com.kms.katalon.core.main.TestSuiteExecutor.accessTestCaseMainPhase(TestSuiteExecutor.java:202)
	at com.kms.katalon.core.main.TestSuiteExecutor.accessTestSuiteMainPhase(TestSuiteExecutor.java:164)
	at com.kms.katalon.core.main.TestSuiteExecutor.execute(TestSuiteExecutor.java:105)
	at com.kms.katalon.core.main.TestCaseMain.startTestSuite(TestCaseMain.java:181)
	at com.kms.katalon.core.main.TestCaseMain$startTestSuite$0.call(Unknown Source)
	at TempTestSuite1642416912407.run(TempTestSuite1642416912407.groovy:36)
Caused by: org.openqa.selenium.interactions.MoveTargetOutOfBoundsException: (324, 850) is out of bounds of viewport width (1440) and height (730)
Build info: version: '3.141.59', revision: 'e82be7d358', time: '2018-11-14T08:25:53'
System info: host: 'Waleeds-MacBook-Pro.local', ip: 'fe80:0:0:0:1c5b:3086:5fdd:953c%en0', os.name: 'Mac OS X', os.arch: 'x86_64', os.version: '10.16', java.version: '1.8.0_275'
Driver info: com.kms.katalon.core.webui.driver.firefox.CGeckoDriver
Capabilities {acceptInsecureCerts: true, browserName: firefox, browserVersion: 95.0, javascriptEnabled: true, moz:accessibilityChecks: false, moz:buildID: 20211129150630, moz:geckodriverVersion: 0.30.0, moz:headless: false, moz:processID: 11198, moz:profile: /var/folders/d1/nclsdd393_x..., moz:shutdownTimeout: 60000, moz:useNonSpecCompliantPointerOrigin: false, moz:webdriverClick: true, pageLoadStrategy: normal, platform: MAC, platformName: MAC, platformVersion: 21.2.0, proxy: Proxy(direct), setWindowRect: true, strictFileInteractability: false, timeouts: {implicit: 0, pageLoad: 300000, script: 30000}, unhandledPromptBehavior: dismiss and notify}
Session ID: dfab2145-061f-4edb-985c-1d9528419fee
	at org.openqa.selenium.remote.http.W3CHttpResponseCodec.createException(W3CHttpResponseCodec.java:187)
	at org.openqa.selenium.remote.http.W3CHttpResponseCodec.decode(W3CHttpResponseCodec.java:122)
	at org.openqa.selenium.remote.http.W3CHttpResponseCodec.decode(W3CHttpResponseCodec.java:49)
	at org.openqa.selenium.remote.HttpCommandExecutor.execute(HttpCommandExecutor.java:158)
	at org.openqa.selenium.remote.service.DriverCommandExecutor.execute(DriverCommandExecutor.java:83)
	at org.openqa.selenium.remote.RemoteWebDriver.execute(RemoteWebDriver.java:552)
	at com.kms.katalon.selenium.driver.CFirefoxDriver.execute(CFirefoxDriver.java:27)
	at org.openqa.selenium.remote.RemoteWebDriver.perform(RemoteWebDriver.java:618)
	at org.openqa.selenium.support.events.EventFiringWebDriver.lambda$new$1(EventFiringWebDriver.java:105)
	at com.sun.proxy.$Proxy10.perform(Unknown Source)
	at org.openqa.selenium.support.events.EventFiringWebDriver.perform(EventFiringWebDriver.java:360)
	at org.openqa.selenium.interactions.Actions$BuiltAction.perform(Actions.java:639)
	at org.openqa.selenium.interactions.Actions.perform(Actions.java:595)
	at com.kms.katalon.core.webui.keyword.builtin.MouseOverKeyword$_mouseOver_closure1.doCall(MouseOverKeyword.groovy:59)
	at com.kms.katalon.core.webui.keyword.builtin.MouseOverKeyword$_mouseOver_closure1.call(MouseOverKeyword.groovy)
	at com.kms.katalon.core.webui.keyword.internal.WebUIKeywordMain.runKeyword(WebUIKeywordMain.groovy:20)
	... 21 more]]></system-err>
   </testsuite>
</testsuites>
