<?xml version="1.0" encoding="UTF-8"?>
<testsuites name="Header" time="95.288" tests="1" failures="1" errors="0">
   <testsuite name="Header" tests="1" failures="1" errors="0" time="95.288" skipped="0" timestamp="2022-01-15 11:10:30" hostname="waleedafifi - localhost" id="Test Suites/Header">
      <properties>
         <property name="deviceName" value=""/>
         <property name="devicePlatform" value=""/>
         <property name="logFolder" value="/Users/waleedafifi/git/cleanersupply/Reports/20220115_105856/Header/20220115_105904"/>
         <property name="logFiles" value="/Users/waleedafifi/git/cleanersupply/Reports/20220115_105856/Header/20220115_105904/execution0.log"/>
         <property name="attachments" value=""/>
         <property name="hostName" value="waleedafifi - localhost"/>
         <property name="os" value="Mac OS X 64bit"/>
         <property name="katalonVersion" value="8.2.0.208"/>
         <property name="browser" value="Firefox 95.0"/>
         <property name="hostAddress" value="127.0.0.1"/>
         <property name="sessionId" value="a83c1837-7cee-4af8-bf4d-1c593282c547"/>
         <property name="seleniumVersion" value="3.141.59"/>
         <property name="proxyInformation" value="ProxyInformation { proxyOption=NO_PROXY, proxyServerType=HTTP, username=, password=********, proxyServerAddress=, proxyServerPort=0, executionList=&quot;&quot;, isApplyToDesiredCapabilities=true }"/>
         <property name="platform" value="Mac OS X"/>
      </properties>
      <testcase name="Test Cases/Header/Primary Header TC" time="23.629" classname="Test Cases/Header/Primary Header TC" status="FAILED">
         <failure type="FAILED" message="Test Cases/Header/Primary Header TC FAILED.
Reason:
Assertion failed: 

assert WebUI.getCSSValue(topNav, 'background-color').equals('rgba(255, 200, 11, 1)')
             |           |                           |
             |           |                           false
             |           TestObject - 'Object Repository/Primary Header/div_navTop'
             rgb(255, 200, 11)

	at validation.PrimaryHeaderValidations.verifyTopNavStyle(PrimaryHeaderValidations.groovy:66)
	at validation.PrimaryHeaderValidations$verifyTopNavStyle.call(Unknown Source)
	at helpers.PrimaryHeaderHelpers.topNav(PrimaryHeaderHelpers.groovy:29)
	at helpers.PrimaryHeaderHelpers$topNav.call(Unknown Source)
	at Primary Header TC.run(Primary Header TC:24)
	at com.kms.katalon.core.main.ScriptEngine.run(ScriptEngine.java:194)
	at com.kms.katalon.core.main.ScriptEngine.runScriptAsRawText(ScriptEngine.java:119)
	at com.kms.katalon.core.main.TestCaseExecutor.runScript(TestCaseExecutor.java:442)
	at com.kms.katalon.core.main.TestCaseExecutor.doExecute(TestCaseExecutor.java:433)
	at com.kms.katalon.core.main.TestCaseExecutor.processExecutionPhase(TestCaseExecutor.java:412)
	at com.kms.katalon.core.main.TestCaseExecutor.accessMainPhase(TestCaseExecutor.java:404)
	at com.kms.katalon.core.main.TestCaseExecutor.execute(TestCaseExecutor.java:281)
	at com.kms.katalon.core.main.TestCaseExecutor.execute(TestCaseExecutor.java:363)
	at com.kms.katalon.core.main.TestCaseExecutor.execute(TestCaseExecutor.java:363)
	at com.kms.katalon.core.main.TestCaseExecutor.execute(TestCaseExecutor.java:363)
	at com.kms.katalon.core.main.TestSuiteExecutor.accessTestCaseMainPhase(TestSuiteExecutor.java:202)
	at com.kms.katalon.core.main.TestSuiteExecutor.accessTestSuiteMainPhase(TestSuiteExecutor.java:164)
	at com.kms.katalon.core.main.TestSuiteExecutor.execute(TestSuiteExecutor.java:105)
	at com.kms.katalon.core.main.TestCaseMain.startTestSuite(TestCaseMain.java:181)
	at com.kms.katalon.core.main.TestCaseMain$startTestSuite$0.call(Unknown Source)
	at TempTestSuite1642237144425.run(TempTestSuite1642237144425.groovy:36)
"/>
         <system-out><![CDATA[2022-01-15 11:11:42 - [TEST_CASE][FAILED] - Test Cases/Header/Primary Header TC: Test Cases/Header/Primary Header TC FAILED.
Reason:
Assertion failed: 

assert WebUI.getCSSValue(topNav, 'background-color').equals('rgba(255, 200, 11, 1)')
             |           |                           |
             |           |                           false
             |           TestObject - 'Object Repository/Primary Header/div_navTop'
             rgb(255, 200, 11)

	at validation.PrimaryHeaderValidations.verifyTopNavStyle(PrimaryHeaderValidations.groovy:66)
	at validation.PrimaryHeaderValidations$verifyTopNavStyle.call(Unknown Source)
	at helpers.PrimaryHeaderHelpers.topNav(PrimaryHeaderHelpers.groovy:29)
	at helpers.PrimaryHeaderHelpers$topNav.call(Unknown Source)
	at Primary Header TC.run(Primary Header TC:24)
	at com.kms.katalon.core.main.ScriptEngine.run(ScriptEngine.java:194)
	at com.kms.katalon.core.main.ScriptEngine.runScriptAsRawText(ScriptEngine.java:119)
	at com.kms.katalon.core.main.TestCaseExecutor.runScript(TestCaseExecutor.java:442)
	at com.kms.katalon.core.main.TestCaseExecutor.doExecute(TestCaseExecutor.java:433)
	at com.kms.katalon.core.main.TestCaseExecutor.processExecutionPhase(TestCaseExecutor.java:412)
	at com.kms.katalon.core.main.TestCaseExecutor.accessMainPhase(TestCaseExecutor.java:404)
	at com.kms.katalon.core.main.TestCaseExecutor.execute(TestCaseExecutor.java:281)
	at com.kms.katalon.core.main.TestCaseExecutor.execute(TestCaseExecutor.java:363)
	at com.kms.katalon.core.main.TestCaseExecutor.execute(TestCaseExecutor.java:363)
	at com.kms.katalon.core.main.TestCaseExecutor.execute(TestCaseExecutor.java:363)
	at com.kms.katalon.core.main.TestSuiteExecutor.accessTestCaseMainPhase(TestSuiteExecutor.java:202)
	at com.kms.katalon.core.main.TestSuiteExecutor.accessTestSuiteMainPhase(TestSuiteExecutor.java:164)
	at com.kms.katalon.core.main.TestSuiteExecutor.execute(TestSuiteExecutor.java:105)
	at com.kms.katalon.core.main.TestCaseMain.startTestSuite(TestCaseMain.java:181)
	at com.kms.katalon.core.main.TestCaseMain$startTestSuite$0.call(Unknown Source)
	at TempTestSuite1642237144425.run(TempTestSuite1642237144425.groovy:36)


2022-01-15 11:11:42 - [TEST_STEP][PASSED] - GeneralHelpers.initScenario(): Current window's url is: 'https://www.cleanersupply.com/'

2022-01-15 11:11:42 - [MESSAGE][WARNING] - A browser is already opened. Closing browser and opening a new one

2022-01-15 11:11:42 - [MESSAGE][INFO] - Starting 'Firefox' driver

2022-01-15 11:11:42 - [MESSAGE][INFO] - Action delay is set to 0 milliseconds

2022-01-15 11:11:46 - [MESSAGE][PASSED] - Browser is opened with url: ''

2022-01-15 11:11:46 - [MESSAGE][PASSED] - Current window maximized

2022-01-15 11:11:55 - [MESSAGE][PASSED] - Navigate to 'https://www.cleanersupply.com/' successfully

2022-01-15 11:11:55 - [MESSAGE][PASSED] - Wait for page load successfully

2022-01-15 11:11:55 - [MESSAGE][PASSED] - Current window's title is: 'Cleaner's Supply - Dry Cleaning Supplies'

2022-01-15 11:11:55 - [MESSAGE][PASSED] - Current window's title is: 'Cleaner's Supply - Dry Cleaning Supplies'

2022-01-15 11:11:55 - [MESSAGE][PASSED] - Current window's url is: 'https://www.cleanersupply.com/'

2022-01-15 11:11:55 - [TEST_STEP][FAILED] - PrimaryHeaderHelpers.topNav(): Test Cases/Header/Primary Header TC FAILED.
Reason:
Assertion failed: 

assert WebUI.getCSSValue(topNav, 'background-color').equals('rgba(255, 200, 11, 1)')
             |           |                           |
             |           |                           false
             |           TestObject - 'Object Repository/Primary Header/div_navTop'
             rgb(255, 200, 11)

	at validation.PrimaryHeaderValidations.verifyTopNavStyle(PrimaryHeaderValidations.groovy:66)
	at validation.PrimaryHeaderValidations$verifyTopNavStyle.call(Unknown Source)
	at helpers.PrimaryHeaderHelpers.topNav(PrimaryHeaderHelpers.groovy:29)
	at helpers.PrimaryHeaderHelpers$topNav.call(Unknown Source)
	at Primary Header TC.run(Primary Header TC:24)
	at com.kms.katalon.core.main.ScriptEngine.run(ScriptEngine.java:194)
	at com.kms.katalon.core.main.ScriptEngine.runScriptAsRawText(ScriptEngine.java:119)
	at com.kms.katalon.core.main.TestCaseExecutor.runScript(TestCaseExecutor.java:442)
	at com.kms.katalon.core.main.TestCaseExecutor.doExecute(TestCaseExecutor.java:433)
	at com.kms.katalon.core.main.TestCaseExecutor.processExecutionPhase(TestCaseExecutor.java:412)
	at com.kms.katalon.core.main.TestCaseExecutor.accessMainPhase(TestCaseExecutor.java:404)
	at com.kms.katalon.core.main.TestCaseExecutor.execute(TestCaseExecutor.java:281)
	at com.kms.katalon.core.main.TestCaseExecutor.execute(TestCaseExecutor.java:363)
	at com.kms.katalon.core.main.TestCaseExecutor.execute(TestCaseExecutor.java:363)
	at com.kms.katalon.core.main.TestCaseExecutor.execute(TestCaseExecutor.java:363)
	at com.kms.katalon.core.main.TestSuiteExecutor.accessTestCaseMainPhase(TestSuiteExecutor.java:202)
	at com.kms.katalon.core.main.TestSuiteExecutor.accessTestSuiteMainPhase(TestSuiteExecutor.java:164)
	at com.kms.katalon.core.main.TestSuiteExecutor.execute(TestSuiteExecutor.java:105)
	at com.kms.katalon.core.main.TestCaseMain.startTestSuite(TestCaseMain.java:181)
	at com.kms.katalon.core.main.TestCaseMain$startTestSuite$0.call(Unknown Source)
	at TempTestSuite1642237144425.run(TempTestSuite1642237144425.groovy:36)


2022-01-15 11:12:05 - [MESSAGE][PASSED] - Get CSS 'background-color' value on 'Object Repository/Primary Header/div_navTop' successfully: 'rgb(255, 200, 11)'.

2022-01-15 11:12:05 - [MESSAGE][FAILED] - Test Cases/Header/Primary Header TC FAILED.
Reason:
Assertion failed: 

assert WebUI.getCSSValue(topNav, 'background-color').equals('rgba(255, 200, 11, 1)')
             |           |                           |
             |           |                           false
             |           TestObject - 'Object Repository/Primary Header/div_navTop'
             rgb(255, 200, 11)

	at validation.PrimaryHeaderValidations.verifyTopNavStyle(PrimaryHeaderValidations.groovy:66)
	at validation.PrimaryHeaderValidations$verifyTopNavStyle.call(Unknown Source)
	at helpers.PrimaryHeaderHelpers.topNav(PrimaryHeaderHelpers.groovy:29)
	at helpers.PrimaryHeaderHelpers$topNav.call(Unknown Source)
	at Primary Header TC.run(Primary Header TC:24)
	at com.kms.katalon.core.main.ScriptEngine.run(ScriptEngine.java:194)
	at com.kms.katalon.core.main.ScriptEngine.runScriptAsRawText(ScriptEngine.java:119)
	at com.kms.katalon.core.main.TestCaseExecutor.runScript(TestCaseExecutor.java:442)
	at com.kms.katalon.core.main.TestCaseExecutor.doExecute(TestCaseExecutor.java:433)
	at com.kms.katalon.core.main.TestCaseExecutor.processExecutionPhase(TestCaseExecutor.java:412)
	at com.kms.katalon.core.main.TestCaseExecutor.accessMainPhase(TestCaseExecutor.java:404)
	at com.kms.katalon.core.main.TestCaseExecutor.execute(TestCaseExecutor.java:281)
	at com.kms.katalon.core.main.TestCaseExecutor.execute(TestCaseExecutor.java:363)
	at com.kms.katalon.core.main.TestCaseExecutor.execute(TestCaseExecutor.java:363)
	at com.kms.katalon.core.main.TestCaseExecutor.execute(TestCaseExecutor.java:363)
	at com.kms.katalon.core.main.TestSuiteExecutor.accessTestCaseMainPhase(TestSuiteExecutor.java:202)
	at com.kms.katalon.core.main.TestSuiteExecutor.accessTestSuiteMainPhase(TestSuiteExecutor.java:164)
	at com.kms.katalon.core.main.TestSuiteExecutor.execute(TestSuiteExecutor.java:105)
	at com.kms.katalon.core.main.TestCaseMain.startTestSuite(TestCaseMain.java:181)
	at com.kms.katalon.core.main.TestCaseMain$startTestSuite$0.call(Unknown Source)
	at TempTestSuite1642237144425.run(TempTestSuite1642237144425.groovy:36)]]></system-out>
         <system-err><![CDATA[2022-01-15 11:11:42 - [TEST_CASE][FAILED] - Test Cases/Header/Primary Header TC: Test Cases/Header/Primary Header TC FAILED.
Reason:
Assertion failed: 

assert WebUI.getCSSValue(topNav, 'background-color').equals('rgba(255, 200, 11, 1)')
             |           |                           |
             |           |                           false
             |           TestObject - 'Object Repository/Primary Header/div_navTop'
             rgb(255, 200, 11)

	at validation.PrimaryHeaderValidations.verifyTopNavStyle(PrimaryHeaderValidations.groovy:66)
	at validation.PrimaryHeaderValidations$verifyTopNavStyle.call(Unknown Source)
	at helpers.PrimaryHeaderHelpers.topNav(PrimaryHeaderHelpers.groovy:29)
	at helpers.PrimaryHeaderHelpers$topNav.call(Unknown Source)
	at Primary Header TC.run(Primary Header TC:24)
	at com.kms.katalon.core.main.ScriptEngine.run(ScriptEngine.java:194)
	at com.kms.katalon.core.main.ScriptEngine.runScriptAsRawText(ScriptEngine.java:119)
	at com.kms.katalon.core.main.TestCaseExecutor.runScript(TestCaseExecutor.java:442)
	at com.kms.katalon.core.main.TestCaseExecutor.doExecute(TestCaseExecutor.java:433)
	at com.kms.katalon.core.main.TestCaseExecutor.processExecutionPhase(TestCaseExecutor.java:412)
	at com.kms.katalon.core.main.TestCaseExecutor.accessMainPhase(TestCaseExecutor.java:404)
	at com.kms.katalon.core.main.TestCaseExecutor.execute(TestCaseExecutor.java:281)
	at com.kms.katalon.core.main.TestCaseExecutor.execute(TestCaseExecutor.java:363)
	at com.kms.katalon.core.main.TestCaseExecutor.execute(TestCaseExecutor.java:363)
	at com.kms.katalon.core.main.TestCaseExecutor.execute(TestCaseExecutor.java:363)
	at com.kms.katalon.core.main.TestSuiteExecutor.accessTestCaseMainPhase(TestSuiteExecutor.java:202)
	at com.kms.katalon.core.main.TestSuiteExecutor.accessTestSuiteMainPhase(TestSuiteExecutor.java:164)
	at com.kms.katalon.core.main.TestSuiteExecutor.execute(TestSuiteExecutor.java:105)
	at com.kms.katalon.core.main.TestCaseMain.startTestSuite(TestCaseMain.java:181)
	at com.kms.katalon.core.main.TestCaseMain$startTestSuite$0.call(Unknown Source)
	at TempTestSuite1642237144425.run(TempTestSuite1642237144425.groovy:36)]]></system-err>
      </testcase>
      <system-out><![CDATA[2022-01-15 11:10:30 - [TEST_SUITE][FAILED] - Header: Test Cases/Header/Primary Header TC FAILED.
Reason:
Assertion failed: 

assert WebUI.getCSSValue(topNav, 'background-color').equals('rgba(255, 200, 11, 1)')
             |           |                           |
             |           |                           false
             |           TestObject - 'Object Repository/Primary Header/div_navTop'
             rgb(255, 200, 11)

	at validation.PrimaryHeaderValidations.verifyTopNavStyle(PrimaryHeaderValidations.groovy:66)
	at validation.PrimaryHeaderValidations$verifyTopNavStyle.call(Unknown Source)
	at helpers.PrimaryHeaderHelpers.topNav(PrimaryHeaderHelpers.groovy:29)
	at helpers.PrimaryHeaderHelpers$topNav.call(Unknown Source)
	at Primary Header TC.run(Primary Header TC:24)
	at com.kms.katalon.core.main.ScriptEngine.run(ScriptEngine.java:194)
	at com.kms.katalon.core.main.ScriptEngine.runScriptAsRawText(ScriptEngine.java:119)
	at com.kms.katalon.core.main.TestCaseExecutor.runScript(TestCaseExecutor.java:442)
	at com.kms.katalon.core.main.TestCaseExecutor.doExecute(TestCaseExecutor.java:433)
	at com.kms.katalon.core.main.TestCaseExecutor.processExecutionPhase(TestCaseExecutor.java:412)
	at com.kms.katalon.core.main.TestCaseExecutor.accessMainPhase(TestCaseExecutor.java:404)
	at com.kms.katalon.core.main.TestCaseExecutor.execute(TestCaseExecutor.java:281)
	at com.kms.katalon.core.main.TestSuiteExecutor.accessTestCaseMainPhase(TestSuiteExecutor.java:202)
	at com.kms.katalon.core.main.TestSuiteExecutor.accessTestSuiteMainPhase(TestSuiteExecutor.java:164)
	at com.kms.katalon.core.main.TestSuiteExecutor.execute(TestSuiteExecutor.java:105)
	at com.kms.katalon.core.main.TestCaseMain.startTestSuite(TestCaseMain.java:181)
	at com.kms.katalon.core.main.TestCaseMain$startTestSuite$0.call(Unknown Source)
	at TempTestSuite1642237144425.run(TempTestSuite1642237144425.groovy:36)]]></system-out>
      <system-err><![CDATA[2022-01-15 11:10:30 - [TEST_SUITE][FAILED] - Header: Test Cases/Header/Primary Header TC FAILED.
Reason:
Assertion failed: 

assert WebUI.getCSSValue(topNav, 'background-color').equals('rgba(255, 200, 11, 1)')
             |           |                           |
             |           |                           false
             |           TestObject - 'Object Repository/Primary Header/div_navTop'
             rgb(255, 200, 11)

	at validation.PrimaryHeaderValidations.verifyTopNavStyle(PrimaryHeaderValidations.groovy:66)
	at validation.PrimaryHeaderValidations$verifyTopNavStyle.call(Unknown Source)
	at helpers.PrimaryHeaderHelpers.topNav(PrimaryHeaderHelpers.groovy:29)
	at helpers.PrimaryHeaderHelpers$topNav.call(Unknown Source)
	at Primary Header TC.run(Primary Header TC:24)
	at com.kms.katalon.core.main.ScriptEngine.run(ScriptEngine.java:194)
	at com.kms.katalon.core.main.ScriptEngine.runScriptAsRawText(ScriptEngine.java:119)
	at com.kms.katalon.core.main.TestCaseExecutor.runScript(TestCaseExecutor.java:442)
	at com.kms.katalon.core.main.TestCaseExecutor.doExecute(TestCaseExecutor.java:433)
	at com.kms.katalon.core.main.TestCaseExecutor.processExecutionPhase(TestCaseExecutor.java:412)
	at com.kms.katalon.core.main.TestCaseExecutor.accessMainPhase(TestCaseExecutor.java:404)
	at com.kms.katalon.core.main.TestCaseExecutor.execute(TestCaseExecutor.java:281)
	at com.kms.katalon.core.main.TestSuiteExecutor.accessTestCaseMainPhase(TestSuiteExecutor.java:202)
	at com.kms.katalon.core.main.TestSuiteExecutor.accessTestSuiteMainPhase(TestSuiteExecutor.java:164)
	at com.kms.katalon.core.main.TestSuiteExecutor.execute(TestSuiteExecutor.java:105)
	at com.kms.katalon.core.main.TestCaseMain.startTestSuite(TestCaseMain.java:181)
	at com.kms.katalon.core.main.TestCaseMain$startTestSuite$0.call(Unknown Source)
	at TempTestSuite1642237144425.run(TempTestSuite1642237144425.groovy:36)]]></system-err>
   </testsuite>
</testsuites>
